<?xml version="1.0" encoding="UTF-8"?>
<testsuite name="rspec" tests="37" skipped="0" failures="17" errors="0" time="11.605889" timestamp="2022-03-23T11:01:33+01:00" hostname="christophe-linux">
<properties>
<property name="seed" value="53571"/>
</properties>
<testcase classname="spec.models.article_spec" name="Article associations is expected to belong to category required: true" file="./spec/models/article_spec.rb" time="0.226050"></testcase>
<testcase classname="spec.models.article_spec" name="Article associations is expected to belong to post required: true" file="./spec/models/article_spec.rb" time="0.012798"></testcase>
<testcase classname="spec.models.category_spec" name="Category is valid with valid attributes" file="./spec/models/category_spec.rb" time="0.035487"></testcase>
<testcase classname="spec.models.category_spec" name="Category is not valid without a name" file="./spec/models/category_spec.rb" time="0.021502"></testcase>
<testcase classname="spec.models.post_spec" name="Post is valid with attributes" file="./spec/models/post_spec.rb" time="0.092724"></testcase>
<testcase classname="spec.models.post_spec" name="Post is not valid without title" file="./spec/models/post_spec.rb" time="0.044124"></testcase>
<testcase classname="spec.models.post_spec" name="Post is not valid without content" file="./spec/models/post_spec.rb" time="0.045322"></testcase>
<testcase classname="spec.models.post_spec" name="Post is not valid without published" file="./spec/models/post_spec.rb" time="0.044423"></testcase>
<testcase classname="spec.models.post_spec" name="Post is not valid without published_at" file="./spec/models/post_spec.rb" time="0.047587"></testcase>
<testcase classname="spec.models.post_spec" name="Post is expected to belong to user required: true" file="./spec/models/post_spec.rb" time="0.052185"></testcase>
<testcase classname="spec.models.post_spec" name="Post is expected to have many categories" file="./spec/models/post_spec.rb" time="0.030724"></testcase>
<testcase classname="spec.models.user_spec" name="User is valid with valid attributes" file="./spec/models/user_spec.rb" time="0.224404"></testcase>
<testcase classname="spec.models.user_spec" name="User is not valid without a name" file="./spec/models/user_spec.rb" time="0.214847"></testcase>
<testcase classname="spec.models.user_spec" name="User is not valid without an email" file="./spec/models/user_spec.rb" time="0.223867"></testcase>
<testcase classname="spec.models.user_spec" name="User is not valid without a password" file="./spec/models/user_spec.rb" time="0.215880"></testcase>
<testcase classname="spec.models.user_spec" name="User is expected to allow :email to be ‹&quot;user@example.com&quot;›" file="./spec/models/user_spec.rb" time="0.215955"></testcase>
<testcase classname="spec.models.user_spec" name="User is expected not to allow :email to be ‹&quot;not-an-email&quot;›" file="./spec/models/user_spec.rb" time="0.220413"></testcase>
<testcase classname="spec.models.user_spec" name="User is expected to have many posts" file="./spec/models/user_spec.rb" time="0.206283"></testcase>
<testcase classname="spec.requests.articles_request_spec" name="ArticlesController show articles from category" file="./spec/requests/articles_request_spec.rb" time="0.079482"><failure message="undefined method `success?&apos; for {:success?=&gt;true, :payload=&gt;#&lt;ActiveRecord::Relation []&gt;, :status=&gt;:ok}:Hash

    if @data.success?
            ^^^^^^^^^" type="NoMethodError">Failure/Error: if @data.success?

NoMethodError:
  undefined method `success?&apos; for {:success?=&gt;true, :payload=&gt;#&lt;ActiveRecord::Relation []&gt;, :status=&gt;:ok}:Hash

      if @data.success?
              ^^^^^^^^^
./app/controllers/articles_controller.rb:36:in `render_json&apos;
./app/controllers/articles_controller.rb:9:in `from_category&apos;
/usr/share/rvm/gems/ruby-3.1.1/gems/warden-1.2.9/lib/warden/manager.rb:36:in `block in call&apos;
/usr/share/rvm/gems/ruby-3.1.1/gems/warden-1.2.9/lib/warden/manager.rb:34:in `catch&apos;
/usr/share/rvm/gems/ruby-3.1.1/gems/warden-1.2.9/lib/warden/manager.rb:34:in `call&apos;
/usr/share/rvm/gems/ruby-3.1.1/gems/rack-2.2.3/lib/rack/etag.rb:27:in `call&apos;
/usr/share/rvm/gems/ruby-3.1.1/gems/rack-2.2.3/lib/rack/conditional_get.rb:27:in `call&apos;
/usr/share/rvm/gems/ruby-3.1.1/gems/rack-2.2.3/lib/rack/head.rb:12:in `call&apos;
/usr/share/rvm/gems/ruby-3.1.1/gems/railties-7.0.2.3/lib/rails/rack/logger.rb:36:in `call_app&apos;
/usr/share/rvm/gems/ruby-3.1.1/gems/railties-7.0.2.3/lib/rails/rack/logger.rb:25:in `block in call&apos;
/usr/share/rvm/gems/ruby-3.1.1/gems/railties-7.0.2.3/lib/rails/rack/logger.rb:25:in `call&apos;
/usr/share/rvm/gems/ruby-3.1.1/gems/rack-2.2.3/lib/rack/runtime.rb:22:in `call&apos;
/usr/share/rvm/gems/ruby-3.1.1/gems/rack-2.2.3/lib/rack/sendfile.rb:110:in `call&apos;
/usr/share/rvm/gems/ruby-3.1.1/gems/rack-cors-1.1.1/lib/rack/cors.rb:100:in `call&apos;
/usr/share/rvm/gems/ruby-3.1.1/gems/railties-7.0.2.3/lib/rails/engine.rb:530:in `call&apos;
/usr/share/rvm/gems/ruby-3.1.1/gems/rack-test-1.1.0/lib/rack/mock_session.rb:29:in `request&apos;
/usr/share/rvm/gems/ruby-3.1.1/gems/rack-test-1.1.0/lib/rack/test.rb:266:in `process_request&apos;
/usr/share/rvm/gems/ruby-3.1.1/gems/rack-test-1.1.0/lib/rack/test.rb:119:in `request&apos;
./spec/requests/articles_request_spec.rb:13:in `block (2 levels) in &lt;main&gt;&apos;</failure></testcase>
<testcase classname="spec.requests.articles_request_spec" name="ArticlesController show article" file="./spec/requests/articles_request_spec.rb" time="0.290951"><failure message="undefined method `success?&apos; for {:success?=&gt;true, :payload=&gt;#&lt;Post id: &quot;7c74e001-b7cb-4a36-b437-209bc3199df2&quot;, title: &quot;Book of Eibon&quot;, content: &quot;Gibbering cyclopean gambrel non-euclidean eldritch...&quot;, published_at: &quot;2022-02-19 00:00:00.000000000 +0000&quot;, created_at: &quot;2022-03-23 10:01:35.938240000 +0000&quot;, updated_at: &quot;2022-03-23 10:01:35.938240000 +0000&quot;, description: &quot;[\&quot;Non-euclidean tenebrous decadent.\&quot;, \&quot;Shunned sty...&quot;, user_id: &quot;08b2d0cb-75dd-4786-b341-a517126e4204&quot;, published: true&gt;, :status=&gt;:ok}:Hash

    if @data.success?
            ^^^^^^^^^" type="NoMethodError">Failure/Error: if @data.success?

NoMethodError:
  undefined method `success?&apos; for {:success?=&gt;true, :payload=&gt;#&lt;Post id: &quot;7c74e001-b7cb-4a36-b437-209bc3199df2&quot;, title: &quot;Book of Eibon&quot;, content: &quot;Gibbering cyclopean gambrel non-euclidean eldritch...&quot;, published_at: &quot;2022-02-19 00:00:00.000000000 +0000&quot;, created_at: &quot;2022-03-23 10:01:35.938240000 +0000&quot;, updated_at: &quot;2022-03-23 10:01:35.938240000 +0000&quot;, description: &quot;[\&quot;Non-euclidean tenebrous decadent.\&quot;, \&quot;Shunned sty...&quot;, user_id: &quot;08b2d0cb-75dd-4786-b341-a517126e4204&quot;, published: true&gt;, :status=&gt;:ok}:Hash

      if @data.success?
              ^^^^^^^^^
./app/controllers/articles_controller.rb:36:in `render_json&apos;
./app/controllers/articles_controller.rb:16:in `show&apos;
/usr/share/rvm/gems/ruby-3.1.1/gems/warden-1.2.9/lib/warden/manager.rb:36:in `block in call&apos;
/usr/share/rvm/gems/ruby-3.1.1/gems/warden-1.2.9/lib/warden/manager.rb:34:in `catch&apos;
/usr/share/rvm/gems/ruby-3.1.1/gems/warden-1.2.9/lib/warden/manager.rb:34:in `call&apos;
/usr/share/rvm/gems/ruby-3.1.1/gems/rack-2.2.3/lib/rack/etag.rb:27:in `call&apos;
/usr/share/rvm/gems/ruby-3.1.1/gems/rack-2.2.3/lib/rack/conditional_get.rb:27:in `call&apos;
/usr/share/rvm/gems/ruby-3.1.1/gems/rack-2.2.3/lib/rack/head.rb:12:in `call&apos;
/usr/share/rvm/gems/ruby-3.1.1/gems/railties-7.0.2.3/lib/rails/rack/logger.rb:36:in `call_app&apos;
/usr/share/rvm/gems/ruby-3.1.1/gems/railties-7.0.2.3/lib/rails/rack/logger.rb:25:in `block in call&apos;
/usr/share/rvm/gems/ruby-3.1.1/gems/railties-7.0.2.3/lib/rails/rack/logger.rb:25:in `call&apos;
/usr/share/rvm/gems/ruby-3.1.1/gems/rack-2.2.3/lib/rack/runtime.rb:22:in `call&apos;
/usr/share/rvm/gems/ruby-3.1.1/gems/rack-2.2.3/lib/rack/sendfile.rb:110:in `call&apos;
/usr/share/rvm/gems/ruby-3.1.1/gems/rack-cors-1.1.1/lib/rack/cors.rb:100:in `call&apos;
/usr/share/rvm/gems/ruby-3.1.1/gems/railties-7.0.2.3/lib/rails/engine.rb:530:in `call&apos;
/usr/share/rvm/gems/ruby-3.1.1/gems/rack-test-1.1.0/lib/rack/mock_session.rb:29:in `request&apos;
/usr/share/rvm/gems/ruby-3.1.1/gems/rack-test-1.1.0/lib/rack/test.rb:266:in `process_request&apos;
/usr/share/rvm/gems/ruby-3.1.1/gems/rack-test-1.1.0/lib/rack/test.rb:119:in `request&apos;
./spec/requests/articles_request_spec.rb:21:in `block (2 levels) in &lt;main&gt;&apos;</failure></testcase>
<testcase classname="spec.requests.articles_request_spec" name="ArticlesController show category" file="./spec/requests/articles_request_spec.rb" time="0.043902"><failure message="undefined method `success?&apos; for {:success?=&gt;true, :payload=&gt;#&lt;Category id: &quot;5264b0a4-182e-4f2e-9c01-feeaa8ffcf67&quot;, name: &quot;Matter&quot;, created_at: &quot;2022-03-23 10:01:35.994622000 +0000&quot;, updated_at: &quot;2022-03-23 10:01:35.994622000 +0000&quot;&gt;, :status=&gt;:ok}:Hash

    if @data.success?
            ^^^^^^^^^" type="NoMethodError">Failure/Error: if @data.success?

NoMethodError:
  undefined method `success?&apos; for {:success?=&gt;true, :payload=&gt;#&lt;Category id: &quot;5264b0a4-182e-4f2e-9c01-feeaa8ffcf67&quot;, name: &quot;Matter&quot;, created_at: &quot;2022-03-23 10:01:35.994622000 +0000&quot;, updated_at: &quot;2022-03-23 10:01:35.994622000 +0000&quot;&gt;, :status=&gt;:ok}:Hash

      if @data.success?
              ^^^^^^^^^
./app/controllers/articles_controller.rb:36:in `render_json&apos;
./app/controllers/articles_controller.rb:30:in `category&apos;
/usr/share/rvm/gems/ruby-3.1.1/gems/warden-1.2.9/lib/warden/manager.rb:36:in `block in call&apos;
/usr/share/rvm/gems/ruby-3.1.1/gems/warden-1.2.9/lib/warden/manager.rb:34:in `catch&apos;
/usr/share/rvm/gems/ruby-3.1.1/gems/warden-1.2.9/lib/warden/manager.rb:34:in `call&apos;
/usr/share/rvm/gems/ruby-3.1.1/gems/rack-2.2.3/lib/rack/etag.rb:27:in `call&apos;
/usr/share/rvm/gems/ruby-3.1.1/gems/rack-2.2.3/lib/rack/conditional_get.rb:27:in `call&apos;
/usr/share/rvm/gems/ruby-3.1.1/gems/rack-2.2.3/lib/rack/head.rb:12:in `call&apos;
/usr/share/rvm/gems/ruby-3.1.1/gems/railties-7.0.2.3/lib/rails/rack/logger.rb:36:in `call_app&apos;
/usr/share/rvm/gems/ruby-3.1.1/gems/railties-7.0.2.3/lib/rails/rack/logger.rb:25:in `block in call&apos;
/usr/share/rvm/gems/ruby-3.1.1/gems/railties-7.0.2.3/lib/rails/rack/logger.rb:25:in `call&apos;
/usr/share/rvm/gems/ruby-3.1.1/gems/rack-2.2.3/lib/rack/runtime.rb:22:in `call&apos;
/usr/share/rvm/gems/ruby-3.1.1/gems/rack-2.2.3/lib/rack/sendfile.rb:110:in `call&apos;
/usr/share/rvm/gems/ruby-3.1.1/gems/rack-cors-1.1.1/lib/rack/cors.rb:100:in `call&apos;
/usr/share/rvm/gems/ruby-3.1.1/gems/railties-7.0.2.3/lib/rails/engine.rb:530:in `call&apos;
/usr/share/rvm/gems/ruby-3.1.1/gems/rack-test-1.1.0/lib/rack/mock_session.rb:29:in `request&apos;
/usr/share/rvm/gems/ruby-3.1.1/gems/rack-test-1.1.0/lib/rack/test.rb:266:in `process_request&apos;
/usr/share/rvm/gems/ruby-3.1.1/gems/rack-test-1.1.0/lib/rack/test.rb:119:in `request&apos;
./spec/requests/articles_request_spec.rb:30:in `block (2 levels) in &lt;main&gt;&apos;</failure></testcase>
<testcase classname="spec.requests.articles_request_spec" name="ArticlesController show categories" file="./spec/requests/articles_request_spec.rb" time="0.064946"><failure message="undefined method `success?&apos; for {:success?=&gt;true, :payload=&gt;#&lt;ActiveRecord::Relation []&gt;, :status=&gt;:ok}:Hash

    if @data.success?
            ^^^^^^^^^" type="NoMethodError">Failure/Error: if @data.success?

NoMethodError:
  undefined method `success?&apos; for {:success?=&gt;true, :payload=&gt;#&lt;ActiveRecord::Relation []&gt;, :status=&gt;:ok}:Hash

      if @data.success?
              ^^^^^^^^^
./app/controllers/articles_controller.rb:36:in `render_json&apos;
./app/controllers/articles_controller.rb:23:in `categories&apos;
/usr/share/rvm/gems/ruby-3.1.1/gems/warden-1.2.9/lib/warden/manager.rb:36:in `block in call&apos;
/usr/share/rvm/gems/ruby-3.1.1/gems/warden-1.2.9/lib/warden/manager.rb:34:in `catch&apos;
/usr/share/rvm/gems/ruby-3.1.1/gems/warden-1.2.9/lib/warden/manager.rb:34:in `call&apos;
/usr/share/rvm/gems/ruby-3.1.1/gems/rack-2.2.3/lib/rack/etag.rb:27:in `call&apos;
/usr/share/rvm/gems/ruby-3.1.1/gems/rack-2.2.3/lib/rack/conditional_get.rb:27:in `call&apos;
/usr/share/rvm/gems/ruby-3.1.1/gems/rack-2.2.3/lib/rack/head.rb:12:in `call&apos;
/usr/share/rvm/gems/ruby-3.1.1/gems/railties-7.0.2.3/lib/rails/rack/logger.rb:36:in `call_app&apos;
/usr/share/rvm/gems/ruby-3.1.1/gems/railties-7.0.2.3/lib/rails/rack/logger.rb:25:in `block in call&apos;
/usr/share/rvm/gems/ruby-3.1.1/gems/railties-7.0.2.3/lib/rails/rack/logger.rb:25:in `call&apos;
/usr/share/rvm/gems/ruby-3.1.1/gems/rack-2.2.3/lib/rack/runtime.rb:22:in `call&apos;
/usr/share/rvm/gems/ruby-3.1.1/gems/rack-2.2.3/lib/rack/sendfile.rb:110:in `call&apos;
/usr/share/rvm/gems/ruby-3.1.1/gems/rack-cors-1.1.1/lib/rack/cors.rb:100:in `call&apos;
/usr/share/rvm/gems/ruby-3.1.1/gems/railties-7.0.2.3/lib/rails/engine.rb:530:in `call&apos;
/usr/share/rvm/gems/ruby-3.1.1/gems/rack-test-1.1.0/lib/rack/mock_session.rb:29:in `request&apos;
/usr/share/rvm/gems/ruby-3.1.1/gems/rack-test-1.1.0/lib/rack/test.rb:266:in `process_request&apos;
/usr/share/rvm/gems/ruby-3.1.1/gems/rack-test-1.1.0/lib/rack/test.rb:119:in `request&apos;
./spec/requests/articles_request_spec.rb:41:in `block (2 levels) in &lt;main&gt;&apos;</failure></testcase>
<testcase classname="spec.requests.authorization_request_spec" name="Authorization gives you an authentication code if you are an existing user and you satisfy the password" file="./spec/requests/authorization_request_spec.rb" time="0.488351"></testcase>
<testcase classname="spec.requests.categories_request_spec" name="CategoriesController get all categories" file="./spec/requests/categories_request_spec.rb" time="0.503714"><failure message="undefined method `success?&apos; for {:success?=&gt;true, :payload=&gt;#&lt;ActiveRecord::Relation []&gt;, :status=&gt;:ok}:Hash

    if @category.success?
                ^^^^^^^^^" type="NoMethodError">Failure/Error: if @category.success?

NoMethodError:
  undefined method `success?&apos; for {:success?=&gt;true, :payload=&gt;#&lt;ActiveRecord::Relation []&gt;, :status=&gt;:ok}:Hash

      if @category.success?
                  ^^^^^^^^^
./app/controllers/categories_controller.rb:46:in `render_json&apos;
./app/controllers/categories_controller.rb:11:in `index&apos;
/usr/share/rvm/gems/ruby-3.1.1/gems/warden-1.2.9/lib/warden/manager.rb:36:in `block in call&apos;
/usr/share/rvm/gems/ruby-3.1.1/gems/warden-1.2.9/lib/warden/manager.rb:34:in `catch&apos;
/usr/share/rvm/gems/ruby-3.1.1/gems/warden-1.2.9/lib/warden/manager.rb:34:in `call&apos;
/usr/share/rvm/gems/ruby-3.1.1/gems/rack-2.2.3/lib/rack/etag.rb:27:in `call&apos;
/usr/share/rvm/gems/ruby-3.1.1/gems/rack-2.2.3/lib/rack/conditional_get.rb:27:in `call&apos;
/usr/share/rvm/gems/ruby-3.1.1/gems/rack-2.2.3/lib/rack/head.rb:12:in `call&apos;
/usr/share/rvm/gems/ruby-3.1.1/gems/railties-7.0.2.3/lib/rails/rack/logger.rb:36:in `call_app&apos;
/usr/share/rvm/gems/ruby-3.1.1/gems/railties-7.0.2.3/lib/rails/rack/logger.rb:25:in `block in call&apos;
/usr/share/rvm/gems/ruby-3.1.1/gems/railties-7.0.2.3/lib/rails/rack/logger.rb:25:in `call&apos;
/usr/share/rvm/gems/ruby-3.1.1/gems/rack-2.2.3/lib/rack/runtime.rb:22:in `call&apos;
/usr/share/rvm/gems/ruby-3.1.1/gems/rack-2.2.3/lib/rack/sendfile.rb:110:in `call&apos;
/usr/share/rvm/gems/ruby-3.1.1/gems/rack-cors-1.1.1/lib/rack/cors.rb:100:in `call&apos;
/usr/share/rvm/gems/ruby-3.1.1/gems/railties-7.0.2.3/lib/rails/engine.rb:530:in `call&apos;
/usr/share/rvm/gems/ruby-3.1.1/gems/rack-test-1.1.0/lib/rack/mock_session.rb:29:in `request&apos;
/usr/share/rvm/gems/ruby-3.1.1/gems/rack-test-1.1.0/lib/rack/test.rb:266:in `process_request&apos;
/usr/share/rvm/gems/ruby-3.1.1/gems/rack-test-1.1.0/lib/rack/test.rb:119:in `request&apos;
./spec/requests/categories_request_spec.rb:19:in `block (2 levels) in &lt;main&gt;&apos;</failure></testcase>
<testcase classname="spec.requests.categories_request_spec" name="CategoriesController create a category" file="./spec/requests/categories_request_spec.rb" time="0.512754"><failure message="undefined method `success?&apos; for {:success?=&gt;true, :payload=&gt;#&lt;Category id: &quot;b96cf0a9-11e7-4dc3-aa23-19f09749ee21&quot;, name: &quot;test&quot;, created_at: &quot;2022-03-23 10:01:37.606552000 +0000&quot;, updated_at: &quot;2022-03-23 10:01:37.606552000 +0000&quot;&gt;, :status=&gt;:ok}:Hash

    if @category.success?
                ^^^^^^^^^" type="NoMethodError">Failure/Error: if @category.success?

NoMethodError:
  undefined method `success?&apos; for {:success?=&gt;true, :payload=&gt;#&lt;Category id: &quot;b96cf0a9-11e7-4dc3-aa23-19f09749ee21&quot;, name: &quot;test&quot;, created_at: &quot;2022-03-23 10:01:37.606552000 +0000&quot;, updated_at: &quot;2022-03-23 10:01:37.606552000 +0000&quot;&gt;, :status=&gt;:ok}:Hash

      if @category.success?
                  ^^^^^^^^^
./app/controllers/categories_controller.rb:46:in `render_json&apos;
./app/controllers/categories_controller.rb:18:in `create&apos;
/usr/share/rvm/gems/ruby-3.1.1/gems/warden-1.2.9/lib/warden/manager.rb:36:in `block in call&apos;
/usr/share/rvm/gems/ruby-3.1.1/gems/warden-1.2.9/lib/warden/manager.rb:34:in `catch&apos;
/usr/share/rvm/gems/ruby-3.1.1/gems/warden-1.2.9/lib/warden/manager.rb:34:in `call&apos;
/usr/share/rvm/gems/ruby-3.1.1/gems/rack-2.2.3/lib/rack/etag.rb:27:in `call&apos;
/usr/share/rvm/gems/ruby-3.1.1/gems/rack-2.2.3/lib/rack/conditional_get.rb:40:in `call&apos;
/usr/share/rvm/gems/ruby-3.1.1/gems/rack-2.2.3/lib/rack/head.rb:12:in `call&apos;
/usr/share/rvm/gems/ruby-3.1.1/gems/railties-7.0.2.3/lib/rails/rack/logger.rb:36:in `call_app&apos;
/usr/share/rvm/gems/ruby-3.1.1/gems/railties-7.0.2.3/lib/rails/rack/logger.rb:25:in `block in call&apos;
/usr/share/rvm/gems/ruby-3.1.1/gems/railties-7.0.2.3/lib/rails/rack/logger.rb:25:in `call&apos;
/usr/share/rvm/gems/ruby-3.1.1/gems/rack-2.2.3/lib/rack/runtime.rb:22:in `call&apos;
/usr/share/rvm/gems/ruby-3.1.1/gems/rack-2.2.3/lib/rack/sendfile.rb:110:in `call&apos;
/usr/share/rvm/gems/ruby-3.1.1/gems/rack-cors-1.1.1/lib/rack/cors.rb:100:in `call&apos;
/usr/share/rvm/gems/ruby-3.1.1/gems/railties-7.0.2.3/lib/rails/engine.rb:530:in `call&apos;
/usr/share/rvm/gems/ruby-3.1.1/gems/rack-test-1.1.0/lib/rack/mock_session.rb:29:in `request&apos;
/usr/share/rvm/gems/ruby-3.1.1/gems/rack-test-1.1.0/lib/rack/test.rb:266:in `process_request&apos;
/usr/share/rvm/gems/ruby-3.1.1/gems/rack-test-1.1.0/lib/rack/test.rb:119:in `request&apos;
./spec/requests/categories_request_spec.rb:27:in `block (2 levels) in &lt;main&gt;&apos;</failure></testcase>
<testcase classname="spec.requests.categories_request_spec" name="CategoriesController cannot create a category with wrong parameter" file="./spec/requests/categories_request_spec.rb" time="0.503127"><failure message="undefined method `success?&apos; for {:success?=&gt;false, :errors=&gt;#&lt;ActiveModel::Errors [#&lt;ActiveModel::Error attribute=name, type=blank, options={}&gt;]&gt;, :status=&gt;ActiveRecord::RecordInvalid}:Hash

    if @category.success?
                ^^^^^^^^^" type="NoMethodError">Failure/Error: if @category.success?

NoMethodError:
  undefined method `success?&apos; for {:success?=&gt;false, :errors=&gt;#&lt;ActiveModel::Errors [#&lt;ActiveModel::Error attribute=name, type=blank, options={}&gt;]&gt;, :status=&gt;ActiveRecord::RecordInvalid}:Hash

      if @category.success?
                  ^^^^^^^^^
./app/controllers/categories_controller.rb:46:in `render_json&apos;
./app/controllers/categories_controller.rb:18:in `create&apos;
/usr/share/rvm/gems/ruby-3.1.1/gems/warden-1.2.9/lib/warden/manager.rb:36:in `block in call&apos;
/usr/share/rvm/gems/ruby-3.1.1/gems/warden-1.2.9/lib/warden/manager.rb:34:in `catch&apos;
/usr/share/rvm/gems/ruby-3.1.1/gems/warden-1.2.9/lib/warden/manager.rb:34:in `call&apos;
/usr/share/rvm/gems/ruby-3.1.1/gems/rack-2.2.3/lib/rack/etag.rb:27:in `call&apos;
/usr/share/rvm/gems/ruby-3.1.1/gems/rack-2.2.3/lib/rack/conditional_get.rb:40:in `call&apos;
/usr/share/rvm/gems/ruby-3.1.1/gems/rack-2.2.3/lib/rack/head.rb:12:in `call&apos;
/usr/share/rvm/gems/ruby-3.1.1/gems/railties-7.0.2.3/lib/rails/rack/logger.rb:36:in `call_app&apos;
/usr/share/rvm/gems/ruby-3.1.1/gems/railties-7.0.2.3/lib/rails/rack/logger.rb:25:in `block in call&apos;
/usr/share/rvm/gems/ruby-3.1.1/gems/railties-7.0.2.3/lib/rails/rack/logger.rb:25:in `call&apos;
/usr/share/rvm/gems/ruby-3.1.1/gems/rack-2.2.3/lib/rack/runtime.rb:22:in `call&apos;
/usr/share/rvm/gems/ruby-3.1.1/gems/rack-2.2.3/lib/rack/sendfile.rb:110:in `call&apos;
/usr/share/rvm/gems/ruby-3.1.1/gems/rack-cors-1.1.1/lib/rack/cors.rb:100:in `call&apos;
/usr/share/rvm/gems/ruby-3.1.1/gems/railties-7.0.2.3/lib/rails/engine.rb:530:in `call&apos;
/usr/share/rvm/gems/ruby-3.1.1/gems/rack-test-1.1.0/lib/rack/mock_session.rb:29:in `request&apos;
/usr/share/rvm/gems/ruby-3.1.1/gems/rack-test-1.1.0/lib/rack/test.rb:266:in `process_request&apos;
/usr/share/rvm/gems/ruby-3.1.1/gems/rack-test-1.1.0/lib/rack/test.rb:119:in `request&apos;
./spec/requests/categories_request_spec.rb:36:in `block (2 levels) in &lt;main&gt;&apos;</failure></testcase>
<testcase classname="spec.requests.categories_request_spec" name="CategoriesController show a category" file="./spec/requests/categories_request_spec.rb" time="0.512410"><failure message="undefined method `success?&apos; for {:success?=&gt;true, :payload=&gt;#&lt;Category id: &quot;11261f7d-d2d8-4546-aec8-24451df70bb2&quot;, name: &quot;Inversions&quot;, created_at: &quot;2022-03-23 10:01:38.615661000 +0000&quot;, updated_at: &quot;2022-03-23 10:01:38.615661000 +0000&quot;&gt;, :status=&gt;:ok}:Hash

    if @category.success?
                ^^^^^^^^^" type="NoMethodError">Failure/Error: if @category.success?

NoMethodError:
  undefined method `success?&apos; for {:success?=&gt;true, :payload=&gt;#&lt;Category id: &quot;11261f7d-d2d8-4546-aec8-24451df70bb2&quot;, name: &quot;Inversions&quot;, created_at: &quot;2022-03-23 10:01:38.615661000 +0000&quot;, updated_at: &quot;2022-03-23 10:01:38.615661000 +0000&quot;&gt;, :status=&gt;:ok}:Hash

      if @category.success?
                  ^^^^^^^^^
./app/controllers/categories_controller.rb:46:in `render_json&apos;
./app/controllers/categories_controller.rb:25:in `show&apos;
/usr/share/rvm/gems/ruby-3.1.1/gems/warden-1.2.9/lib/warden/manager.rb:36:in `block in call&apos;
/usr/share/rvm/gems/ruby-3.1.1/gems/warden-1.2.9/lib/warden/manager.rb:34:in `catch&apos;
/usr/share/rvm/gems/ruby-3.1.1/gems/warden-1.2.9/lib/warden/manager.rb:34:in `call&apos;
/usr/share/rvm/gems/ruby-3.1.1/gems/rack-2.2.3/lib/rack/etag.rb:27:in `call&apos;
/usr/share/rvm/gems/ruby-3.1.1/gems/rack-2.2.3/lib/rack/conditional_get.rb:27:in `call&apos;
/usr/share/rvm/gems/ruby-3.1.1/gems/rack-2.2.3/lib/rack/head.rb:12:in `call&apos;
/usr/share/rvm/gems/ruby-3.1.1/gems/railties-7.0.2.3/lib/rails/rack/logger.rb:36:in `call_app&apos;
/usr/share/rvm/gems/ruby-3.1.1/gems/railties-7.0.2.3/lib/rails/rack/logger.rb:25:in `block in call&apos;
/usr/share/rvm/gems/ruby-3.1.1/gems/railties-7.0.2.3/lib/rails/rack/logger.rb:25:in `call&apos;
/usr/share/rvm/gems/ruby-3.1.1/gems/rack-2.2.3/lib/rack/runtime.rb:22:in `call&apos;
/usr/share/rvm/gems/ruby-3.1.1/gems/rack-2.2.3/lib/rack/sendfile.rb:110:in `call&apos;
/usr/share/rvm/gems/ruby-3.1.1/gems/rack-cors-1.1.1/lib/rack/cors.rb:100:in `call&apos;
/usr/share/rvm/gems/ruby-3.1.1/gems/railties-7.0.2.3/lib/rails/engine.rb:530:in `call&apos;
/usr/share/rvm/gems/ruby-3.1.1/gems/rack-test-1.1.0/lib/rack/mock_session.rb:29:in `request&apos;
/usr/share/rvm/gems/ruby-3.1.1/gems/rack-test-1.1.0/lib/rack/test.rb:266:in `process_request&apos;
/usr/share/rvm/gems/ruby-3.1.1/gems/rack-test-1.1.0/lib/rack/test.rb:119:in `request&apos;
./spec/requests/categories_request_spec.rb:44:in `block (2 levels) in &lt;main&gt;&apos;</failure></testcase>
<testcase classname="spec.requests.categories_request_spec" name="CategoriesController update a category name" file="./spec/requests/categories_request_spec.rb" time="0.524017"><failure message="undefined method `success?&apos; for {:success?=&gt;true, :payload=&gt;#&lt;Category id: &quot;b91d2e2f-0963-4dee-8ea7-8b029cbd61a1&quot;, name: &quot;Use of Weapons changed&quot;, created_at: &quot;2022-03-23 10:01:39.116530000 +0000&quot;, updated_at: &quot;2022-03-23 10:01:39.153485000 +0000&quot;&gt;, :status=&gt;:ok}:Hash

    if @category.success?
                ^^^^^^^^^" type="NoMethodError">Failure/Error: if @category.success?

NoMethodError:
  undefined method `success?&apos; for {:success?=&gt;true, :payload=&gt;#&lt;Category id: &quot;b91d2e2f-0963-4dee-8ea7-8b029cbd61a1&quot;, name: &quot;Use of Weapons changed&quot;, created_at: &quot;2022-03-23 10:01:39.116530000 +0000&quot;, updated_at: &quot;2022-03-23 10:01:39.153485000 +0000&quot;&gt;, :status=&gt;:ok}:Hash

      if @category.success?
                  ^^^^^^^^^
./app/controllers/categories_controller.rb:46:in `render_json&apos;
./app/controllers/categories_controller.rb:32:in `update&apos;
/usr/share/rvm/gems/ruby-3.1.1/gems/warden-1.2.9/lib/warden/manager.rb:36:in `block in call&apos;
/usr/share/rvm/gems/ruby-3.1.1/gems/warden-1.2.9/lib/warden/manager.rb:34:in `catch&apos;
/usr/share/rvm/gems/ruby-3.1.1/gems/warden-1.2.9/lib/warden/manager.rb:34:in `call&apos;
/usr/share/rvm/gems/ruby-3.1.1/gems/rack-2.2.3/lib/rack/etag.rb:27:in `call&apos;
/usr/share/rvm/gems/ruby-3.1.1/gems/rack-2.2.3/lib/rack/conditional_get.rb:40:in `call&apos;
/usr/share/rvm/gems/ruby-3.1.1/gems/rack-2.2.3/lib/rack/head.rb:12:in `call&apos;
/usr/share/rvm/gems/ruby-3.1.1/gems/railties-7.0.2.3/lib/rails/rack/logger.rb:36:in `call_app&apos;
/usr/share/rvm/gems/ruby-3.1.1/gems/railties-7.0.2.3/lib/rails/rack/logger.rb:25:in `block in call&apos;
/usr/share/rvm/gems/ruby-3.1.1/gems/railties-7.0.2.3/lib/rails/rack/logger.rb:25:in `call&apos;
/usr/share/rvm/gems/ruby-3.1.1/gems/rack-2.2.3/lib/rack/runtime.rb:22:in `call&apos;
/usr/share/rvm/gems/ruby-3.1.1/gems/rack-2.2.3/lib/rack/sendfile.rb:110:in `call&apos;
/usr/share/rvm/gems/ruby-3.1.1/gems/rack-cors-1.1.1/lib/rack/cors.rb:100:in `call&apos;
/usr/share/rvm/gems/ruby-3.1.1/gems/railties-7.0.2.3/lib/rails/engine.rb:530:in `call&apos;
/usr/share/rvm/gems/ruby-3.1.1/gems/rack-test-1.1.0/lib/rack/mock_session.rb:29:in `request&apos;
/usr/share/rvm/gems/ruby-3.1.1/gems/rack-test-1.1.0/lib/rack/test.rb:266:in `process_request&apos;
/usr/share/rvm/gems/ruby-3.1.1/gems/rack-test-1.1.0/lib/rack/test.rb:119:in `request&apos;
./spec/requests/categories_request_spec.rb:54:in `block (2 levels) in &lt;main&gt;&apos;</failure></testcase>
<testcase classname="spec.requests.categories_request_spec" name="CategoriesController destroy a category" file="./spec/requests/categories_request_spec.rb" time="0.527195"><failure message="undefined method `success?&apos; for {:success?=&gt;true, :payload=&gt;#&lt;Category id: &quot;28390dc4-a55a-4111-9f1b-98b76c964fa6&quot;, name: &quot;The Hydrogen Sonata&quot;, created_at: &quot;2022-03-23 10:01:39.650650000 +0000&quot;, updated_at: &quot;2022-03-23 10:01:39.650650000 +0000&quot;&gt;, :status=&gt;:ok}:Hash

    if @category.success?
                ^^^^^^^^^" type="NoMethodError">Failure/Error: if @category.success?

NoMethodError:
  undefined method `success?&apos; for {:success?=&gt;true, :payload=&gt;#&lt;Category id: &quot;28390dc4-a55a-4111-9f1b-98b76c964fa6&quot;, name: &quot;The Hydrogen Sonata&quot;, created_at: &quot;2022-03-23 10:01:39.650650000 +0000&quot;, updated_at: &quot;2022-03-23 10:01:39.650650000 +0000&quot;&gt;, :status=&gt;:ok}:Hash

      if @category.success?
                  ^^^^^^^^^
./app/controllers/categories_controller.rb:46:in `render_json&apos;
./app/controllers/categories_controller.rb:39:in `destroy&apos;
/usr/share/rvm/gems/ruby-3.1.1/gems/warden-1.2.9/lib/warden/manager.rb:36:in `block in call&apos;
/usr/share/rvm/gems/ruby-3.1.1/gems/warden-1.2.9/lib/warden/manager.rb:34:in `catch&apos;
/usr/share/rvm/gems/ruby-3.1.1/gems/warden-1.2.9/lib/warden/manager.rb:34:in `call&apos;
/usr/share/rvm/gems/ruby-3.1.1/gems/rack-2.2.3/lib/rack/etag.rb:27:in `call&apos;
/usr/share/rvm/gems/ruby-3.1.1/gems/rack-2.2.3/lib/rack/conditional_get.rb:40:in `call&apos;
/usr/share/rvm/gems/ruby-3.1.1/gems/rack-2.2.3/lib/rack/head.rb:12:in `call&apos;
/usr/share/rvm/gems/ruby-3.1.1/gems/railties-7.0.2.3/lib/rails/rack/logger.rb:36:in `call_app&apos;
/usr/share/rvm/gems/ruby-3.1.1/gems/railties-7.0.2.3/lib/rails/rack/logger.rb:25:in `block in call&apos;
/usr/share/rvm/gems/ruby-3.1.1/gems/railties-7.0.2.3/lib/rails/rack/logger.rb:25:in `call&apos;
/usr/share/rvm/gems/ruby-3.1.1/gems/rack-2.2.3/lib/rack/runtime.rb:22:in `call&apos;
/usr/share/rvm/gems/ruby-3.1.1/gems/rack-2.2.3/lib/rack/sendfile.rb:110:in `call&apos;
/usr/share/rvm/gems/ruby-3.1.1/gems/rack-cors-1.1.1/lib/rack/cors.rb:100:in `call&apos;
/usr/share/rvm/gems/ruby-3.1.1/gems/railties-7.0.2.3/lib/rails/engine.rb:530:in `call&apos;
/usr/share/rvm/gems/ruby-3.1.1/gems/rack-test-1.1.0/lib/rack/mock_session.rb:29:in `request&apos;
/usr/share/rvm/gems/ruby-3.1.1/gems/rack-test-1.1.0/lib/rack/test.rb:266:in `process_request&apos;
/usr/share/rvm/gems/ruby-3.1.1/gems/rack-test-1.1.0/lib/rack/test.rb:119:in `request&apos;
./spec/requests/categories_request_spec.rb:67:in `block (3 levels) in &lt;main&gt;&apos;
./spec/requests/categories_request_spec.rb:66:in `block (2 levels) in &lt;main&gt;&apos;</failure></testcase>
<testcase classname="spec.requests.posts_request_spec" name="PostsController get all posts from index" file="./spec/requests/posts_request_spec.rb" time="0.511219"><failure message="undefined method `success?&apos; for {:success?=&gt;true, :payload=&gt;#&lt;ActiveRecord::Relation []&gt;, :status=&gt;:ok}:Hash

    if @post.success?
            ^^^^^^^^^" type="NoMethodError">Failure/Error: if @post.success?

NoMethodError:
  undefined method `success?&apos; for {:success?=&gt;true, :payload=&gt;#&lt;ActiveRecord::Relation []&gt;, :status=&gt;:ok}:Hash

      if @post.success?
              ^^^^^^^^^
./app/controllers/posts_controller.rb:66:in `render_json&apos;
./app/controllers/posts_controller.rb:11:in `index&apos;
/usr/share/rvm/gems/ruby-3.1.1/gems/warden-1.2.9/lib/warden/manager.rb:36:in `block in call&apos;
/usr/share/rvm/gems/ruby-3.1.1/gems/warden-1.2.9/lib/warden/manager.rb:34:in `catch&apos;
/usr/share/rvm/gems/ruby-3.1.1/gems/warden-1.2.9/lib/warden/manager.rb:34:in `call&apos;
/usr/share/rvm/gems/ruby-3.1.1/gems/rack-2.2.3/lib/rack/etag.rb:27:in `call&apos;
/usr/share/rvm/gems/ruby-3.1.1/gems/rack-2.2.3/lib/rack/conditional_get.rb:27:in `call&apos;
/usr/share/rvm/gems/ruby-3.1.1/gems/rack-2.2.3/lib/rack/head.rb:12:in `call&apos;
/usr/share/rvm/gems/ruby-3.1.1/gems/railties-7.0.2.3/lib/rails/rack/logger.rb:36:in `call_app&apos;
/usr/share/rvm/gems/ruby-3.1.1/gems/railties-7.0.2.3/lib/rails/rack/logger.rb:25:in `block in call&apos;
/usr/share/rvm/gems/ruby-3.1.1/gems/railties-7.0.2.3/lib/rails/rack/logger.rb:25:in `call&apos;
/usr/share/rvm/gems/ruby-3.1.1/gems/rack-2.2.3/lib/rack/runtime.rb:22:in `call&apos;
/usr/share/rvm/gems/ruby-3.1.1/gems/rack-2.2.3/lib/rack/sendfile.rb:110:in `call&apos;
/usr/share/rvm/gems/ruby-3.1.1/gems/rack-cors-1.1.1/lib/rack/cors.rb:100:in `call&apos;
/usr/share/rvm/gems/ruby-3.1.1/gems/railties-7.0.2.3/lib/rails/engine.rb:530:in `call&apos;
/usr/share/rvm/gems/ruby-3.1.1/gems/rack-test-1.1.0/lib/rack/mock_session.rb:29:in `request&apos;
/usr/share/rvm/gems/ruby-3.1.1/gems/rack-test-1.1.0/lib/rack/test.rb:266:in `process_request&apos;
/usr/share/rvm/gems/ruby-3.1.1/gems/rack-test-1.1.0/lib/rack/test.rb:119:in `request&apos;
./spec/requests/posts_request_spec.rb:19:in `block (2 levels) in &lt;main&gt;&apos;</failure></testcase>
<testcase classname="spec.requests.posts_request_spec" name="PostsController create a post" file="./spec/requests/posts_request_spec.rb" time="0.565865"><failure message="undefined method `success?&apos; for {:success?=&gt;true, :payload=&gt;#&lt;Post id: &quot;53dea90a-a284-4db2-800d-ae1a37eee0e6&quot;, title: &quot;test&quot;, content: &quot;gnagnagna&quot;, published_at: nil, created_at: &quot;2022-03-23 10:01:40.746468000 +0000&quot;, updated_at: &quot;2022-03-23 10:01:40.746468000 +0000&quot;, description: &quot;petite description&quot;, user_id: &quot;3351a8d9-8935-4ea3-b827-e8d55fd86c22&quot;, published: nil&gt;, :status=&gt;:ok}:Hash

    if @post.success?
            ^^^^^^^^^" type="NoMethodError">Failure/Error: if @post.success?

NoMethodError:
  undefined method `success?&apos; for {:success?=&gt;true, :payload=&gt;#&lt;Post id: &quot;53dea90a-a284-4db2-800d-ae1a37eee0e6&quot;, title: &quot;test&quot;, content: &quot;gnagnagna&quot;, published_at: nil, created_at: &quot;2022-03-23 10:01:40.746468000 +0000&quot;, updated_at: &quot;2022-03-23 10:01:40.746468000 +0000&quot;, description: &quot;petite description&quot;, user_id: &quot;3351a8d9-8935-4ea3-b827-e8d55fd86c22&quot;, published: nil&gt;, :status=&gt;:ok}:Hash

      if @post.success?
              ^^^^^^^^^
./app/controllers/posts_controller.rb:66:in `render_json&apos;
./app/controllers/posts_controller.rb:24:in `create&apos;
/usr/share/rvm/gems/ruby-3.1.1/gems/warden-1.2.9/lib/warden/manager.rb:36:in `block in call&apos;
/usr/share/rvm/gems/ruby-3.1.1/gems/warden-1.2.9/lib/warden/manager.rb:34:in `catch&apos;
/usr/share/rvm/gems/ruby-3.1.1/gems/warden-1.2.9/lib/warden/manager.rb:34:in `call&apos;
/usr/share/rvm/gems/ruby-3.1.1/gems/rack-2.2.3/lib/rack/etag.rb:27:in `call&apos;
/usr/share/rvm/gems/ruby-3.1.1/gems/rack-2.2.3/lib/rack/conditional_get.rb:40:in `call&apos;
/usr/share/rvm/gems/ruby-3.1.1/gems/rack-2.2.3/lib/rack/head.rb:12:in `call&apos;
/usr/share/rvm/gems/ruby-3.1.1/gems/railties-7.0.2.3/lib/rails/rack/logger.rb:36:in `call_app&apos;
/usr/share/rvm/gems/ruby-3.1.1/gems/railties-7.0.2.3/lib/rails/rack/logger.rb:25:in `block in call&apos;
/usr/share/rvm/gems/ruby-3.1.1/gems/railties-7.0.2.3/lib/rails/rack/logger.rb:25:in `call&apos;
/usr/share/rvm/gems/ruby-3.1.1/gems/rack-2.2.3/lib/rack/runtime.rb:22:in `call&apos;
/usr/share/rvm/gems/ruby-3.1.1/gems/rack-2.2.3/lib/rack/sendfile.rb:110:in `call&apos;
/usr/share/rvm/gems/ruby-3.1.1/gems/rack-cors-1.1.1/lib/rack/cors.rb:100:in `call&apos;
/usr/share/rvm/gems/ruby-3.1.1/gems/railties-7.0.2.3/lib/rails/engine.rb:530:in `call&apos;
/usr/share/rvm/gems/ruby-3.1.1/gems/rack-test-1.1.0/lib/rack/mock_session.rb:29:in `request&apos;
/usr/share/rvm/gems/ruby-3.1.1/gems/rack-test-1.1.0/lib/rack/test.rb:266:in `process_request&apos;
/usr/share/rvm/gems/ruby-3.1.1/gems/rack-test-1.1.0/lib/rack/test.rb:119:in `request&apos;
./spec/requests/posts_request_spec.rb:28:in `block (2 levels) in &lt;main&gt;&apos;</failure></testcase>
<testcase classname="spec.requests.posts_request_spec" name="PostsController not create with wrong parameter" file="./spec/requests/posts_request_spec.rb" time="0.524107"><failure message="undefined method `success?&apos; for {:success?=&gt;false, :errors=&gt;#&lt;ActiveModel::Errors [#&lt;ActiveModel::Error attribute=description, type=blank, options={}&gt;]&gt;, :status=&gt;ActiveRecord::RecordInvalid}:Hash

    if @post.success?
            ^^^^^^^^^" type="NoMethodError">Failure/Error: if @post.success?

NoMethodError:
  undefined method `success?&apos; for {:success?=&gt;false, :errors=&gt;#&lt;ActiveModel::Errors [#&lt;ActiveModel::Error attribute=description, type=blank, options={}&gt;]&gt;, :status=&gt;ActiveRecord::RecordInvalid}:Hash

      if @post.success?
              ^^^^^^^^^
./app/controllers/posts_controller.rb:66:in `render_json&apos;
./app/controllers/posts_controller.rb:24:in `create&apos;
/usr/share/rvm/gems/ruby-3.1.1/gems/warden-1.2.9/lib/warden/manager.rb:36:in `block in call&apos;
/usr/share/rvm/gems/ruby-3.1.1/gems/warden-1.2.9/lib/warden/manager.rb:34:in `catch&apos;
/usr/share/rvm/gems/ruby-3.1.1/gems/warden-1.2.9/lib/warden/manager.rb:34:in `call&apos;
/usr/share/rvm/gems/ruby-3.1.1/gems/rack-2.2.3/lib/rack/etag.rb:27:in `call&apos;
/usr/share/rvm/gems/ruby-3.1.1/gems/rack-2.2.3/lib/rack/conditional_get.rb:40:in `call&apos;
/usr/share/rvm/gems/ruby-3.1.1/gems/rack-2.2.3/lib/rack/head.rb:12:in `call&apos;
/usr/share/rvm/gems/ruby-3.1.1/gems/railties-7.0.2.3/lib/rails/rack/logger.rb:36:in `call_app&apos;
/usr/share/rvm/gems/ruby-3.1.1/gems/railties-7.0.2.3/lib/rails/rack/logger.rb:25:in `block in call&apos;
/usr/share/rvm/gems/ruby-3.1.1/gems/railties-7.0.2.3/lib/rails/rack/logger.rb:25:in `call&apos;
/usr/share/rvm/gems/ruby-3.1.1/gems/rack-2.2.3/lib/rack/runtime.rb:22:in `call&apos;
/usr/share/rvm/gems/ruby-3.1.1/gems/rack-2.2.3/lib/rack/sendfile.rb:110:in `call&apos;
/usr/share/rvm/gems/ruby-3.1.1/gems/rack-cors-1.1.1/lib/rack/cors.rb:100:in `call&apos;
/usr/share/rvm/gems/ruby-3.1.1/gems/railties-7.0.2.3/lib/rails/engine.rb:530:in `call&apos;
/usr/share/rvm/gems/ruby-3.1.1/gems/rack-test-1.1.0/lib/rack/mock_session.rb:29:in `request&apos;
/usr/share/rvm/gems/ruby-3.1.1/gems/rack-test-1.1.0/lib/rack/test.rb:266:in `process_request&apos;
/usr/share/rvm/gems/ruby-3.1.1/gems/rack-test-1.1.0/lib/rack/test.rb:119:in `request&apos;
./spec/requests/posts_request_spec.rb:38:in `block (2 levels) in &lt;main&gt;&apos;</failure></testcase>
<testcase classname="spec.requests.posts_request_spec" name="PostsController show a post" file="./spec/requests/posts_request_spec.rb" time="0.772135"><failure message="undefined method `success?&apos; for {:success?=&gt;true, :payload=&gt;#&lt;Post id: &quot;420ba5e9-547b-49d7-b202-e977eb3c91f5&quot;, title: &quot;Necronomicon&quot;, content: &quot;Mortal gambrel ululate gibbering antediluvian non-...&quot;, published_at: &quot;2022-02-23 00:00:00.000000000 +0000&quot;, created_at: &quot;2022-03-23 10:01:42.072844000 +0000&quot;, updated_at: &quot;2022-03-23 10:01:42.072844000 +0000&quot;, description: &quot;[\&quot;Gambrel unutterable daemoniac iridescence furtiv...&quot;, user_id: &quot;744528f1-f685-4133-93e5-d3162606c1b0&quot;, published: true&gt;, :status=&gt;:ok}:Hash

    if @post.success?
            ^^^^^^^^^" type="NoMethodError">Failure/Error: if @post.success?

NoMethodError:
  undefined method `success?&apos; for {:success?=&gt;true, :payload=&gt;#&lt;Post id: &quot;420ba5e9-547b-49d7-b202-e977eb3c91f5&quot;, title: &quot;Necronomicon&quot;, content: &quot;Mortal gambrel ululate gibbering antediluvian non-...&quot;, published_at: &quot;2022-02-23 00:00:00.000000000 +0000&quot;, created_at: &quot;2022-03-23 10:01:42.072844000 +0000&quot;, updated_at: &quot;2022-03-23 10:01:42.072844000 +0000&quot;, description: &quot;[\&quot;Gambrel unutterable daemoniac iridescence furtiv...&quot;, user_id: &quot;744528f1-f685-4133-93e5-d3162606c1b0&quot;, published: true&gt;, :status=&gt;:ok}:Hash

      if @post.success?
              ^^^^^^^^^
./app/controllers/posts_controller.rb:66:in `render_json&apos;
./app/controllers/posts_controller.rb:31:in `show&apos;
/usr/share/rvm/gems/ruby-3.1.1/gems/warden-1.2.9/lib/warden/manager.rb:36:in `block in call&apos;
/usr/share/rvm/gems/ruby-3.1.1/gems/warden-1.2.9/lib/warden/manager.rb:34:in `catch&apos;
/usr/share/rvm/gems/ruby-3.1.1/gems/warden-1.2.9/lib/warden/manager.rb:34:in `call&apos;
/usr/share/rvm/gems/ruby-3.1.1/gems/rack-2.2.3/lib/rack/etag.rb:27:in `call&apos;
/usr/share/rvm/gems/ruby-3.1.1/gems/rack-2.2.3/lib/rack/conditional_get.rb:27:in `call&apos;
/usr/share/rvm/gems/ruby-3.1.1/gems/rack-2.2.3/lib/rack/head.rb:12:in `call&apos;
/usr/share/rvm/gems/ruby-3.1.1/gems/railties-7.0.2.3/lib/rails/rack/logger.rb:36:in `call_app&apos;
/usr/share/rvm/gems/ruby-3.1.1/gems/railties-7.0.2.3/lib/rails/rack/logger.rb:25:in `block in call&apos;
/usr/share/rvm/gems/ruby-3.1.1/gems/railties-7.0.2.3/lib/rails/rack/logger.rb:25:in `call&apos;
/usr/share/rvm/gems/ruby-3.1.1/gems/rack-2.2.3/lib/rack/runtime.rb:22:in `call&apos;
/usr/share/rvm/gems/ruby-3.1.1/gems/rack-2.2.3/lib/rack/sendfile.rb:110:in `call&apos;
/usr/share/rvm/gems/ruby-3.1.1/gems/rack-cors-1.1.1/lib/rack/cors.rb:100:in `call&apos;
/usr/share/rvm/gems/ruby-3.1.1/gems/railties-7.0.2.3/lib/rails/engine.rb:530:in `call&apos;
/usr/share/rvm/gems/ruby-3.1.1/gems/rack-test-1.1.0/lib/rack/mock_session.rb:29:in `request&apos;
/usr/share/rvm/gems/ruby-3.1.1/gems/rack-test-1.1.0/lib/rack/test.rb:266:in `process_request&apos;
/usr/share/rvm/gems/ruby-3.1.1/gems/rack-test-1.1.0/lib/rack/test.rb:119:in `request&apos;
./spec/requests/posts_request_spec.rb:46:in `block (2 levels) in &lt;main&gt;&apos;</failure></testcase>
<testcase classname="spec.requests.posts_request_spec" name="PostsController update a post" file="./spec/requests/posts_request_spec.rb" time="0.810041"><failure message="undefined method `success?&apos; for {:success?=&gt;true, :payload=&gt;#&lt;Post id: &quot;e37e900c-4c46-4bee-a61d-6c41434856eb&quot;, title: &quot;Book of Eibon changed&quot;, content: &quot;Dank eldritch decadent fungus antediluvian gibberi...&quot;, published_at: &quot;2022-02-24 00:00:00.000000000 +0000&quot;, created_at: &quot;2022-03-23 10:01:42.837545000 +0000&quot;, updated_at: &quot;2022-03-23 10:01:42.890471000 +0000&quot;, description: &quot;[\&quot;Gambrel madness comprehension unnamable antiquar...&quot;, user_id: &quot;c74a9f7f-590a-4f70-9e5b-13a988e4f991&quot;, published: true&gt;, :status=&gt;:ok}:Hash

    if @post.success?
            ^^^^^^^^^" type="NoMethodError">Failure/Error: if @post.success?

NoMethodError:
  undefined method `success?&apos; for {:success?=&gt;true, :payload=&gt;#&lt;Post id: &quot;e37e900c-4c46-4bee-a61d-6c41434856eb&quot;, title: &quot;Book of Eibon changed&quot;, content: &quot;Dank eldritch decadent fungus antediluvian gibberi...&quot;, published_at: &quot;2022-02-24 00:00:00.000000000 +0000&quot;, created_at: &quot;2022-03-23 10:01:42.837545000 +0000&quot;, updated_at: &quot;2022-03-23 10:01:42.890471000 +0000&quot;, description: &quot;[\&quot;Gambrel madness comprehension unnamable antiquar...&quot;, user_id: &quot;c74a9f7f-590a-4f70-9e5b-13a988e4f991&quot;, published: true&gt;, :status=&gt;:ok}:Hash

      if @post.success?
              ^^^^^^^^^
./app/controllers/posts_controller.rb:66:in `render_json&apos;
./app/controllers/posts_controller.rb:46:in `update&apos;
/usr/share/rvm/gems/ruby-3.1.1/gems/warden-1.2.9/lib/warden/manager.rb:36:in `block in call&apos;
/usr/share/rvm/gems/ruby-3.1.1/gems/warden-1.2.9/lib/warden/manager.rb:34:in `catch&apos;
/usr/share/rvm/gems/ruby-3.1.1/gems/warden-1.2.9/lib/warden/manager.rb:34:in `call&apos;
/usr/share/rvm/gems/ruby-3.1.1/gems/rack-2.2.3/lib/rack/etag.rb:27:in `call&apos;
/usr/share/rvm/gems/ruby-3.1.1/gems/rack-2.2.3/lib/rack/conditional_get.rb:40:in `call&apos;
/usr/share/rvm/gems/ruby-3.1.1/gems/rack-2.2.3/lib/rack/head.rb:12:in `call&apos;
/usr/share/rvm/gems/ruby-3.1.1/gems/railties-7.0.2.3/lib/rails/rack/logger.rb:36:in `call_app&apos;
/usr/share/rvm/gems/ruby-3.1.1/gems/railties-7.0.2.3/lib/rails/rack/logger.rb:25:in `block in call&apos;
/usr/share/rvm/gems/ruby-3.1.1/gems/railties-7.0.2.3/lib/rails/rack/logger.rb:25:in `call&apos;
/usr/share/rvm/gems/ruby-3.1.1/gems/rack-2.2.3/lib/rack/runtime.rb:22:in `call&apos;
/usr/share/rvm/gems/ruby-3.1.1/gems/rack-2.2.3/lib/rack/sendfile.rb:110:in `call&apos;
/usr/share/rvm/gems/ruby-3.1.1/gems/rack-cors-1.1.1/lib/rack/cors.rb:100:in `call&apos;
/usr/share/rvm/gems/ruby-3.1.1/gems/railties-7.0.2.3/lib/rails/engine.rb:530:in `call&apos;
/usr/share/rvm/gems/ruby-3.1.1/gems/rack-test-1.1.0/lib/rack/mock_session.rb:29:in `request&apos;
/usr/share/rvm/gems/ruby-3.1.1/gems/rack-test-1.1.0/lib/rack/test.rb:266:in `process_request&apos;
/usr/share/rvm/gems/ruby-3.1.1/gems/rack-test-1.1.0/lib/rack/test.rb:119:in `request&apos;
./spec/requests/posts_request_spec.rb:56:in `block (2 levels) in &lt;main&gt;&apos;</failure></testcase>
<testcase classname="spec.requests.posts_request_spec" name="PostsController publish a post" file="./spec/requests/posts_request_spec.rb" time="0.791818"><failure message="undefined method `success?&apos; for {:success?=&gt;true, :payload=&gt;#&lt;Post id: &quot;16da1db5-6451-47b4-8895-c5ffc6aa6bf8&quot;, title: &quot;Book of Eibon&quot;, content: &quot;Spectral indescribable daemoniac. Hideous ululate ...&quot;, published_at: &quot;2022-03-23 00:00:00.000000000 +0000&quot;, created_at: &quot;2022-03-23 10:01:43.634714000 +0000&quot;, updated_at: &quot;2022-03-23 10:01:43.699241000 +0000&quot;, description: &quot;[\&quot;Iridescence eldritch swarthy charnel antiquarian...&quot;, user_id: &quot;e8a4fc93-eec2-4ab6-86ff-35f495474e55&quot;, published: true&gt;, :status=&gt;:ok}:Hash

    if @post.success?
            ^^^^^^^^^" type="NoMethodError">Failure/Error: if @post.success?

NoMethodError:
  undefined method `success?&apos; for {:success?=&gt;true, :payload=&gt;#&lt;Post id: &quot;16da1db5-6451-47b4-8895-c5ffc6aa6bf8&quot;, title: &quot;Book of Eibon&quot;, content: &quot;Spectral indescribable daemoniac. Hideous ululate ...&quot;, published_at: &quot;2022-03-23 00:00:00.000000000 +0000&quot;, created_at: &quot;2022-03-23 10:01:43.634714000 +0000&quot;, updated_at: &quot;2022-03-23 10:01:43.699241000 +0000&quot;, description: &quot;[\&quot;Iridescence eldritch swarthy charnel antiquarian...&quot;, user_id: &quot;e8a4fc93-eec2-4ab6-86ff-35f495474e55&quot;, published: true&gt;, :status=&gt;:ok}:Hash

      if @post.success?
              ^^^^^^^^^
./app/controllers/posts_controller.rb:66:in `render_json&apos;
./app/controllers/posts_controller.rb:52:in `publish&apos;
/usr/share/rvm/gems/ruby-3.1.1/gems/warden-1.2.9/lib/warden/manager.rb:36:in `block in call&apos;
/usr/share/rvm/gems/ruby-3.1.1/gems/warden-1.2.9/lib/warden/manager.rb:34:in `catch&apos;
/usr/share/rvm/gems/ruby-3.1.1/gems/warden-1.2.9/lib/warden/manager.rb:34:in `call&apos;
/usr/share/rvm/gems/ruby-3.1.1/gems/rack-2.2.3/lib/rack/etag.rb:27:in `call&apos;
/usr/share/rvm/gems/ruby-3.1.1/gems/rack-2.2.3/lib/rack/conditional_get.rb:40:in `call&apos;
/usr/share/rvm/gems/ruby-3.1.1/gems/rack-2.2.3/lib/rack/head.rb:12:in `call&apos;
/usr/share/rvm/gems/ruby-3.1.1/gems/railties-7.0.2.3/lib/rails/rack/logger.rb:36:in `call_app&apos;
/usr/share/rvm/gems/ruby-3.1.1/gems/railties-7.0.2.3/lib/rails/rack/logger.rb:25:in `block in call&apos;
/usr/share/rvm/gems/ruby-3.1.1/gems/railties-7.0.2.3/lib/rails/rack/logger.rb:25:in `call&apos;
/usr/share/rvm/gems/ruby-3.1.1/gems/rack-2.2.3/lib/rack/runtime.rb:22:in `call&apos;
/usr/share/rvm/gems/ruby-3.1.1/gems/rack-2.2.3/lib/rack/sendfile.rb:110:in `call&apos;
/usr/share/rvm/gems/ruby-3.1.1/gems/rack-cors-1.1.1/lib/rack/cors.rb:100:in `call&apos;
/usr/share/rvm/gems/ruby-3.1.1/gems/railties-7.0.2.3/lib/rails/engine.rb:530:in `call&apos;
/usr/share/rvm/gems/ruby-3.1.1/gems/rack-test-1.1.0/lib/rack/mock_session.rb:29:in `request&apos;
/usr/share/rvm/gems/ruby-3.1.1/gems/rack-test-1.1.0/lib/rack/test.rb:266:in `process_request&apos;
/usr/share/rvm/gems/ruby-3.1.1/gems/rack-test-1.1.0/lib/rack/test.rb:119:in `request&apos;
./spec/requests/posts_request_spec.rb:77:in `block (2 levels) in &lt;main&gt;&apos;</failure></testcase>
<testcase classname="spec.requests.posts_request_spec" name="PostsController destroy a post" file="./spec/requests/posts_request_spec.rb" time="0.795071"><failure message="undefined method `success?&apos; for {:success?=&gt;true, :payload=&gt;#&lt;Post id: &quot;88a3e0ef-8dda-43f8-8f58-592b6b9bf301&quot;, title: &quot;Pnakotic Manuscripts&quot;, content: &quot;Loathsome daemoniac gibbering manuscript indescrib...&quot;, published_at: &quot;2022-03-14 00:00:00.000000000 +0000&quot;, created_at: &quot;2022-03-23 10:01:44.437334000 +0000&quot;, updated_at: &quot;2022-03-23 10:01:44.437334000 +0000&quot;, description: &quot;[\&quot;Squamous foetid unutterable stench blasphemous f...&quot;, user_id: &quot;4cc954d0-cbfd-430a-937f-bf5f499a9556&quot;, published: true&gt;, :status=&gt;:ok}:Hash

    if @post.success?
            ^^^^^^^^^" type="NoMethodError">Failure/Error: if @post.success?

NoMethodError:
  undefined method `success?&apos; for {:success?=&gt;true, :payload=&gt;#&lt;Post id: &quot;88a3e0ef-8dda-43f8-8f58-592b6b9bf301&quot;, title: &quot;Pnakotic Manuscripts&quot;, content: &quot;Loathsome daemoniac gibbering manuscript indescrib...&quot;, published_at: &quot;2022-03-14 00:00:00.000000000 +0000&quot;, created_at: &quot;2022-03-23 10:01:44.437334000 +0000&quot;, updated_at: &quot;2022-03-23 10:01:44.437334000 +0000&quot;, description: &quot;[\&quot;Squamous foetid unutterable stench blasphemous f...&quot;, user_id: &quot;4cc954d0-cbfd-430a-937f-bf5f499a9556&quot;, published: true&gt;, :status=&gt;:ok}:Hash

      if @post.success?
              ^^^^^^^^^
./app/controllers/posts_controller.rb:66:in `render_json&apos;
./app/controllers/posts_controller.rb:59:in `destroy&apos;
/usr/share/rvm/gems/ruby-3.1.1/gems/warden-1.2.9/lib/warden/manager.rb:36:in `block in call&apos;
/usr/share/rvm/gems/ruby-3.1.1/gems/warden-1.2.9/lib/warden/manager.rb:34:in `catch&apos;
/usr/share/rvm/gems/ruby-3.1.1/gems/warden-1.2.9/lib/warden/manager.rb:34:in `call&apos;
/usr/share/rvm/gems/ruby-3.1.1/gems/rack-2.2.3/lib/rack/etag.rb:27:in `call&apos;
/usr/share/rvm/gems/ruby-3.1.1/gems/rack-2.2.3/lib/rack/conditional_get.rb:40:in `call&apos;
/usr/share/rvm/gems/ruby-3.1.1/gems/rack-2.2.3/lib/rack/head.rb:12:in `call&apos;
/usr/share/rvm/gems/ruby-3.1.1/gems/railties-7.0.2.3/lib/rails/rack/logger.rb:36:in `call_app&apos;
/usr/share/rvm/gems/ruby-3.1.1/gems/railties-7.0.2.3/lib/rails/rack/logger.rb:25:in `block in call&apos;
/usr/share/rvm/gems/ruby-3.1.1/gems/railties-7.0.2.3/lib/rails/rack/logger.rb:25:in `call&apos;
/usr/share/rvm/gems/ruby-3.1.1/gems/rack-2.2.3/lib/rack/runtime.rb:22:in `call&apos;
/usr/share/rvm/gems/ruby-3.1.1/gems/rack-2.2.3/lib/rack/sendfile.rb:110:in `call&apos;
/usr/share/rvm/gems/ruby-3.1.1/gems/rack-cors-1.1.1/lib/rack/cors.rb:100:in `call&apos;
/usr/share/rvm/gems/ruby-3.1.1/gems/railties-7.0.2.3/lib/rails/engine.rb:530:in `call&apos;
/usr/share/rvm/gems/ruby-3.1.1/gems/rack-test-1.1.0/lib/rack/mock_session.rb:29:in `request&apos;
/usr/share/rvm/gems/ruby-3.1.1/gems/rack-test-1.1.0/lib/rack/test.rb:266:in `process_request&apos;
/usr/share/rvm/gems/ruby-3.1.1/gems/rack-test-1.1.0/lib/rack/test.rb:119:in `request&apos;
./spec/requests/posts_request_spec.rb:90:in `block (3 levels) in &lt;main&gt;&apos;
./spec/requests/posts_request_spec.rb:89:in `block (2 levels) in &lt;main&gt;&apos;</failure></testcase>
<testcase classname="spec.requests.users_request_spec" name="UsersController show current user" file="./spec/requests/users_request_spec.rb" time="0.488409"></testcase>
</testsuite>
