<?xml version="1.0" encoding="UTF-8"?>
<testsuite name="rspec" tests="37" skipped="0" failures="0" errors="0" time="20.062573" timestamp="2022-01-09T10:38:06+00:00" hostname="78ab7c939842">
<properties>
<property name="seed" value="3184"/>
</properties>
<testcase classname="spec.models.article_spec" name="Article associations is expected to belong to category required: true" file="./spec/models/article_spec.rb" time="0.951399"></testcase>
<testcase classname="spec.models.article_spec" name="Article associations is expected to belong to post required: true" file="./spec/models/article_spec.rb" time="0.005484"></testcase>
<testcase classname="spec.models.category_spec" name="Category is valid with valid attributes" file="./spec/models/category_spec.rb" time="0.020353"></testcase>
<testcase classname="spec.models.category_spec" name="Category is not valid without a name" file="./spec/models/category_spec.rb" time="0.003842"></testcase>
<testcase classname="spec.models.post_spec" name="Post is valid with attributes" file="./spec/models/post_spec.rb" time="0.199034"></testcase>
<testcase classname="spec.models.post_spec" name="Post is not valid without title" file="./spec/models/post_spec.rb" time="0.088644"></testcase>
<testcase classname="spec.models.post_spec" name="Post is not valid without content" file="./spec/models/post_spec.rb" time="0.017347"></testcase>
<testcase classname="spec.models.post_spec" name="Post is not valid without published" file="./spec/models/post_spec.rb" time="0.017660"></testcase>
<testcase classname="spec.models.post_spec" name="Post is not valid without published_at" file="./spec/models/post_spec.rb" time="0.016588"></testcase>
<testcase classname="spec.models.post_spec" name="Post is expected to belong to user required: true" file="./spec/models/post_spec.rb" time="0.021020"></testcase>
<testcase classname="spec.models.post_spec" name="Post is expected to have many categories" file="./spec/models/post_spec.rb" time="0.011076"></testcase>
<testcase classname="spec.models.user_spec" name="User is valid with valid attributes" file="./spec/models/user_spec.rb" time="0.415497"></testcase>
<testcase classname="spec.models.user_spec" name="User is not valid without a name" file="./spec/models/user_spec.rb" time="0.418253"></testcase>
<testcase classname="spec.models.user_spec" name="User is not valid without an email" file="./spec/models/user_spec.rb" time="0.417933"></testcase>
<testcase classname="spec.models.user_spec" name="User is not valid without a password" file="./spec/models/user_spec.rb" time="0.410006"></testcase>
<testcase classname="spec.models.user_spec" name="User is expected to allow :email to be ‹&quot;user@example.com&quot;›" file="./spec/models/user_spec.rb" time="0.418677"></testcase>
<testcase classname="spec.models.user_spec" name="User is expected not to allow :email to be ‹&quot;not-an-email&quot;›" file="./spec/models/user_spec.rb" time="0.403980"></testcase>
<testcase classname="spec.models.user_spec" name="User is expected to have many posts" file="./spec/models/user_spec.rb" time="0.406512"></testcase>
<testcase classname="spec.requests.articles_request_spec" name="ArticlesController show articles from category" file="./spec/requests/articles_request_spec.rb" time="0.108659"></testcase>
<testcase classname="spec.requests.articles_request_spec" name="ArticlesController show article" file="./spec/requests/articles_request_spec.rb" time="0.486801"></testcase>
<testcase classname="spec.requests.articles_request_spec" name="ArticlesController show category" file="./spec/requests/articles_request_spec.rb" time="0.053241"></testcase>
<testcase classname="spec.requests.articles_request_spec" name="ArticlesController show categories" file="./spec/requests/articles_request_spec.rb" time="0.057744"></testcase>
<testcase classname="spec.requests.authorization_request_spec" name="Authorization gives you an authentication code if you are an existing user and you satisfy the password" file="./spec/requests/authorization_request_spec.rb" time="0.675538"></testcase>
<testcase classname="spec.requests.categories_request_spec" name="CategoriesController get all categories" file="./spec/requests/categories_request_spec.rb" time="0.894734"></testcase>
<testcase classname="spec.requests.categories_request_spec" name="CategoriesController create a category" file="./spec/requests/categories_request_spec.rb" time="0.932970"></testcase>
<testcase classname="spec.requests.categories_request_spec" name="CategoriesController cannot create a category with wrong parameter" file="./spec/requests/categories_request_spec.rb" time="0.901449"></testcase>
<testcase classname="spec.requests.categories_request_spec" name="CategoriesController show a category" file="./spec/requests/categories_request_spec.rb" time="0.914834"></testcase>
<testcase classname="spec.requests.categories_request_spec" name="CategoriesController update a category name" file="./spec/requests/categories_request_spec.rb" time="0.764559"></testcase>
<testcase classname="spec.requests.categories_request_spec" name="CategoriesController destroy a category" file="./spec/requests/categories_request_spec.rb" time="0.930446"></testcase>
<testcase classname="spec.requests.posts_request_spec" name="PostsController get all posts from index" file="./spec/requests/posts_request_spec.rb" time="0.895981"></testcase>
<testcase classname="spec.requests.posts_request_spec" name="PostsController create a post" file="./spec/requests/posts_request_spec.rb" time="0.934559"></testcase>
<testcase classname="spec.requests.posts_request_spec" name="PostsController not create with wrong parameter" file="./spec/requests/posts_request_spec.rb" time="0.918407"></testcase>
<testcase classname="spec.requests.posts_request_spec" name="PostsController show a post" file="./spec/requests/posts_request_spec.rb" time="1.324128"></testcase>
<testcase classname="spec.requests.posts_request_spec" name="PostsController update a post" file="./spec/requests/posts_request_spec.rb" time="1.365374"></testcase>
<testcase classname="spec.requests.posts_request_spec" name="PostsController publish a post" file="./spec/requests/posts_request_spec.rb" time="1.360108"></testcase>
<testcase classname="spec.requests.posts_request_spec" name="PostsController destroy a post" file="./spec/requests/posts_request_spec.rb" time="1.368096"></testcase>
<testcase classname="spec.requests.users_request_spec" name="UsersController show current user" file="./spec/requests/users_request_spec.rb" time="0.914867"></testcase>
</testsuite>
