<?xml version="1.0" encoding="UTF-8"?>
<testsuite name="rspec" tests="5" skipped="0" failures="0" errors="0" time="2.014486" timestamp="2020-12-21T18:46:24+01:00" hostname="tititoof.lan">
<properties>
<property name="seed" value="56210"/>
</properties>
<testcase classname="spec.models.user_spec" name="User is valid with valid attributes" file="./spec/models/user_spec.rb" time="0.285018"></testcase>
<testcase classname="spec.models.user_spec" name="User is not valid without a name" file="./spec/models/user_spec.rb" time="0.614047"></testcase>
<testcase classname="spec.models.user_spec" name="User is not valid without an email" file="./spec/models/user_spec.rb" time="0.235209"></testcase>
<testcase classname="spec.models.user_spec" name="User is not valid without a password" file="./spec/models/user_spec.rb" time="0.226968"></testcase>
<testcase classname="spec.requests.authorization_request_spec" name="Authorization gives you an authentication code if you are an existing user and you satisfy the password" file="./spec/requests/authorization_request_spec.rb" time="0.649988"></testcase>
</testsuite>
