<?xml version="1.0" encoding="UTF-8"?>
<testsuite name="rspec" tests="37" skipped="0" failures="17" errors="0" time="11.722203" timestamp="2022-03-23T11:10:21+01:00" hostname="christophe-linux">
<properties>
<property name="seed" value="25686"/>
</properties>
<testcase classname="spec.models.article_spec" name="Article associations is expected to belong to category required: true" file="./spec/models/article_spec.rb" time="0.239692"></testcase>
<testcase classname="spec.models.article_spec" name="Article associations is expected to belong to post required: true" file="./spec/models/article_spec.rb" time="0.011282"></testcase>
<testcase classname="spec.models.category_spec" name="Category is valid with valid attributes" file="./spec/models/category_spec.rb" time="0.026948"></testcase>
<testcase classname="spec.models.category_spec" name="Category is not valid without a name" file="./spec/models/category_spec.rb" time="0.015769"></testcase>
<testcase classname="spec.models.post_spec" name="Post is valid with attributes" file="./spec/models/post_spec.rb" time="0.097040"></testcase>
<testcase classname="spec.models.post_spec" name="Post is not valid without title" file="./spec/models/post_spec.rb" time="0.054952"></testcase>
<testcase classname="spec.models.post_spec" name="Post is not valid without content" file="./spec/models/post_spec.rb" time="0.045014"></testcase>
<testcase classname="spec.models.post_spec" name="Post is not valid without published" file="./spec/models/post_spec.rb" time="0.041554"></testcase>
<testcase classname="spec.models.post_spec" name="Post is not valid without published_at" file="./spec/models/post_spec.rb" time="0.046905"></testcase>
<testcase classname="spec.models.post_spec" name="Post is expected to belong to user required: true" file="./spec/models/post_spec.rb" time="0.056063"></testcase>
<testcase classname="spec.models.post_spec" name="Post is expected to have many categories" file="./spec/models/post_spec.rb" time="0.029807"></testcase>
<testcase classname="spec.models.user_spec" name="User is valid with valid attributes" file="./spec/models/user_spec.rb" time="0.230930"></testcase>
<testcase classname="spec.models.user_spec" name="User is not valid without a name" file="./spec/models/user_spec.rb" time="0.213046"></testcase>
<testcase classname="spec.models.user_spec" name="User is not valid without an email" file="./spec/models/user_spec.rb" time="0.216864"></testcase>
<testcase classname="spec.models.user_spec" name="User is not valid without a password" file="./spec/models/user_spec.rb" time="0.217586"></testcase>
<testcase classname="spec.models.user_spec" name="User is expected to allow :email to be ‹&quot;user@example.com&quot;›" file="./spec/models/user_spec.rb" time="0.213415"></testcase>
<testcase classname="spec.models.user_spec" name="User is expected not to allow :email to be ‹&quot;not-an-email&quot;›" file="./spec/models/user_spec.rb" time="0.218005"></testcase>
<testcase classname="spec.models.user_spec" name="User is expected to have many posts" file="./spec/models/user_spec.rb" time="0.207396"></testcase>
<testcase classname="spec.requests.articles_request_spec" name="ArticlesController show articles from category" file="./spec/requests/articles_request_spec.rb" time="0.080272"><failure message="undefined method `success?&apos; for {:success?=&gt;true, :payload=&gt;#&lt;ActiveRecord::Relation []&gt;, :status=&gt;:ok}:Hash

    if @data.success?
            ^^^^^^^^^" type="NoMethodError">Failure/Error: if @data.success?

NoMethodError:
  undefined method `success?&apos; for {:success?=&gt;true, :payload=&gt;#&lt;ActiveRecord::Relation []&gt;, :status=&gt;:ok}:Hash

      if @data.success?
              ^^^^^^^^^
./app/controllers/articles_controller.rb:36:in `render_json&apos;
./app/controllers/articles_controller.rb:9:in `from_category&apos;
/usr/share/rvm/gems/ruby-3.1.1/gems/warden-1.2.9/lib/warden/manager.rb:36:in `block in call&apos;
/usr/share/rvm/gems/ruby-3.1.1/gems/warden-1.2.9/lib/warden/manager.rb:34:in `catch&apos;
/usr/share/rvm/gems/ruby-3.1.1/gems/warden-1.2.9/lib/warden/manager.rb:34:in `call&apos;
/usr/share/rvm/gems/ruby-3.1.1/gems/rack-2.2.3/lib/rack/etag.rb:27:in `call&apos;
/usr/share/rvm/gems/ruby-3.1.1/gems/rack-2.2.3/lib/rack/conditional_get.rb:27:in `call&apos;
/usr/share/rvm/gems/ruby-3.1.1/gems/rack-2.2.3/lib/rack/head.rb:12:in `call&apos;
/usr/share/rvm/gems/ruby-3.1.1/gems/railties-7.0.2.3/lib/rails/rack/logger.rb:36:in `call_app&apos;
/usr/share/rvm/gems/ruby-3.1.1/gems/railties-7.0.2.3/lib/rails/rack/logger.rb:25:in `block in call&apos;
/usr/share/rvm/gems/ruby-3.1.1/gems/railties-7.0.2.3/lib/rails/rack/logger.rb:25:in `call&apos;
/usr/share/rvm/gems/ruby-3.1.1/gems/rack-2.2.3/lib/rack/runtime.rb:22:in `call&apos;
/usr/share/rvm/gems/ruby-3.1.1/gems/rack-2.2.3/lib/rack/sendfile.rb:110:in `call&apos;
/usr/share/rvm/gems/ruby-3.1.1/gems/rack-cors-1.1.1/lib/rack/cors.rb:100:in `call&apos;
/usr/share/rvm/gems/ruby-3.1.1/gems/railties-7.0.2.3/lib/rails/engine.rb:530:in `call&apos;
/usr/share/rvm/gems/ruby-3.1.1/gems/rack-test-1.1.0/lib/rack/mock_session.rb:29:in `request&apos;
/usr/share/rvm/gems/ruby-3.1.1/gems/rack-test-1.1.0/lib/rack/test.rb:266:in `process_request&apos;
/usr/share/rvm/gems/ruby-3.1.1/gems/rack-test-1.1.0/lib/rack/test.rb:119:in `request&apos;
./spec/requests/articles_request_spec.rb:13:in `block (2 levels) in &lt;main&gt;&apos;</failure></testcase>
<testcase classname="spec.requests.articles_request_spec" name="ArticlesController show article" file="./spec/requests/articles_request_spec.rb" time="0.293485"><failure message="undefined method `success?&apos; for {:success?=&gt;true, :payload=&gt;#&lt;Post id: &quot;773e5997-1935-4f9c-a80d-9e73147dedf1&quot;, title: &quot;Eltdown Shards&quot;, content: &quot;Fainted comprehension foetid lurk gambrel spectral...&quot;, published_at: nil, created_at: &quot;2022-03-23 10:10:24.447287000 +0000&quot;, updated_at: &quot;2022-03-23 10:10:24.447287000 +0000&quot;, description: &quot;[\&quot;Effulgence comprehension charnel immemorial fung...&quot;, user_id: &quot;1127e8b5-0611-4c6f-9fc0-f5b5b98f0c3d&quot;, published: false&gt;, :status=&gt;:ok}:Hash

    if @data.success?
            ^^^^^^^^^" type="NoMethodError">Failure/Error: if @data.success?

NoMethodError:
  undefined method `success?&apos; for {:success?=&gt;true, :payload=&gt;#&lt;Post id: &quot;773e5997-1935-4f9c-a80d-9e73147dedf1&quot;, title: &quot;Eltdown Shards&quot;, content: &quot;Fainted comprehension foetid lurk gambrel spectral...&quot;, published_at: nil, created_at: &quot;2022-03-23 10:10:24.447287000 +0000&quot;, updated_at: &quot;2022-03-23 10:10:24.447287000 +0000&quot;, description: &quot;[\&quot;Effulgence comprehension charnel immemorial fung...&quot;, user_id: &quot;1127e8b5-0611-4c6f-9fc0-f5b5b98f0c3d&quot;, published: false&gt;, :status=&gt;:ok}:Hash

      if @data.success?
              ^^^^^^^^^
./app/controllers/articles_controller.rb:36:in `render_json&apos;
./app/controllers/articles_controller.rb:16:in `show&apos;
/usr/share/rvm/gems/ruby-3.1.1/gems/warden-1.2.9/lib/warden/manager.rb:36:in `block in call&apos;
/usr/share/rvm/gems/ruby-3.1.1/gems/warden-1.2.9/lib/warden/manager.rb:34:in `catch&apos;
/usr/share/rvm/gems/ruby-3.1.1/gems/warden-1.2.9/lib/warden/manager.rb:34:in `call&apos;
/usr/share/rvm/gems/ruby-3.1.1/gems/rack-2.2.3/lib/rack/etag.rb:27:in `call&apos;
/usr/share/rvm/gems/ruby-3.1.1/gems/rack-2.2.3/lib/rack/conditional_get.rb:27:in `call&apos;
/usr/share/rvm/gems/ruby-3.1.1/gems/rack-2.2.3/lib/rack/head.rb:12:in `call&apos;
/usr/share/rvm/gems/ruby-3.1.1/gems/railties-7.0.2.3/lib/rails/rack/logger.rb:36:in `call_app&apos;
/usr/share/rvm/gems/ruby-3.1.1/gems/railties-7.0.2.3/lib/rails/rack/logger.rb:25:in `block in call&apos;
/usr/share/rvm/gems/ruby-3.1.1/gems/railties-7.0.2.3/lib/rails/rack/logger.rb:25:in `call&apos;
/usr/share/rvm/gems/ruby-3.1.1/gems/rack-2.2.3/lib/rack/runtime.rb:22:in `call&apos;
/usr/share/rvm/gems/ruby-3.1.1/gems/rack-2.2.3/lib/rack/sendfile.rb:110:in `call&apos;
/usr/share/rvm/gems/ruby-3.1.1/gems/rack-cors-1.1.1/lib/rack/cors.rb:100:in `call&apos;
/usr/share/rvm/gems/ruby-3.1.1/gems/railties-7.0.2.3/lib/rails/engine.rb:530:in `call&apos;
/usr/share/rvm/gems/ruby-3.1.1/gems/rack-test-1.1.0/lib/rack/mock_session.rb:29:in `request&apos;
/usr/share/rvm/gems/ruby-3.1.1/gems/rack-test-1.1.0/lib/rack/test.rb:266:in `process_request&apos;
/usr/share/rvm/gems/ruby-3.1.1/gems/rack-test-1.1.0/lib/rack/test.rb:119:in `request&apos;
./spec/requests/articles_request_spec.rb:21:in `block (2 levels) in &lt;main&gt;&apos;</failure></testcase>
<testcase classname="spec.requests.articles_request_spec" name="ArticlesController show category" file="./spec/requests/articles_request_spec.rb" time="0.042182"><failure message="undefined method `success?&apos; for {:success?=&gt;true, :payload=&gt;#&lt;Category id: &quot;da8ca3ff-aec0-4a8c-bc99-2b8854f78672&quot;, name: &quot;The Player of Games&quot;, created_at: &quot;2022-03-23 10:10:24.506240000 +0000&quot;, updated_at: &quot;2022-03-23 10:10:24.506240000 +0000&quot;&gt;, :status=&gt;:ok}:Hash

    if @data.success?
            ^^^^^^^^^" type="NoMethodError">Failure/Error: if @data.success?

NoMethodError:
  undefined method `success?&apos; for {:success?=&gt;true, :payload=&gt;#&lt;Category id: &quot;da8ca3ff-aec0-4a8c-bc99-2b8854f78672&quot;, name: &quot;The Player of Games&quot;, created_at: &quot;2022-03-23 10:10:24.506240000 +0000&quot;, updated_at: &quot;2022-03-23 10:10:24.506240000 +0000&quot;&gt;, :status=&gt;:ok}:Hash

      if @data.success?
              ^^^^^^^^^
./app/controllers/articles_controller.rb:36:in `render_json&apos;
./app/controllers/articles_controller.rb:30:in `category&apos;
/usr/share/rvm/gems/ruby-3.1.1/gems/warden-1.2.9/lib/warden/manager.rb:36:in `block in call&apos;
/usr/share/rvm/gems/ruby-3.1.1/gems/warden-1.2.9/lib/warden/manager.rb:34:in `catch&apos;
/usr/share/rvm/gems/ruby-3.1.1/gems/warden-1.2.9/lib/warden/manager.rb:34:in `call&apos;
/usr/share/rvm/gems/ruby-3.1.1/gems/rack-2.2.3/lib/rack/etag.rb:27:in `call&apos;
/usr/share/rvm/gems/ruby-3.1.1/gems/rack-2.2.3/lib/rack/conditional_get.rb:27:in `call&apos;
/usr/share/rvm/gems/ruby-3.1.1/gems/rack-2.2.3/lib/rack/head.rb:12:in `call&apos;
/usr/share/rvm/gems/ruby-3.1.1/gems/railties-7.0.2.3/lib/rails/rack/logger.rb:36:in `call_app&apos;
/usr/share/rvm/gems/ruby-3.1.1/gems/railties-7.0.2.3/lib/rails/rack/logger.rb:25:in `block in call&apos;
/usr/share/rvm/gems/ruby-3.1.1/gems/railties-7.0.2.3/lib/rails/rack/logger.rb:25:in `call&apos;
/usr/share/rvm/gems/ruby-3.1.1/gems/rack-2.2.3/lib/rack/runtime.rb:22:in `call&apos;
/usr/share/rvm/gems/ruby-3.1.1/gems/rack-2.2.3/lib/rack/sendfile.rb:110:in `call&apos;
/usr/share/rvm/gems/ruby-3.1.1/gems/rack-cors-1.1.1/lib/rack/cors.rb:100:in `call&apos;
/usr/share/rvm/gems/ruby-3.1.1/gems/railties-7.0.2.3/lib/rails/engine.rb:530:in `call&apos;
/usr/share/rvm/gems/ruby-3.1.1/gems/rack-test-1.1.0/lib/rack/mock_session.rb:29:in `request&apos;
/usr/share/rvm/gems/ruby-3.1.1/gems/rack-test-1.1.0/lib/rack/test.rb:266:in `process_request&apos;
/usr/share/rvm/gems/ruby-3.1.1/gems/rack-test-1.1.0/lib/rack/test.rb:119:in `request&apos;
./spec/requests/articles_request_spec.rb:30:in `block (2 levels) in &lt;main&gt;&apos;</failure></testcase>
<testcase classname="spec.requests.articles_request_spec" name="ArticlesController show categories" file="./spec/requests/articles_request_spec.rb" time="0.060424"><failure message="undefined method `success?&apos; for {:success?=&gt;true, :payload=&gt;#&lt;ActiveRecord::Relation []&gt;, :status=&gt;:ok}:Hash

    if @data.success?
            ^^^^^^^^^" type="NoMethodError">Failure/Error: if @data.success?

NoMethodError:
  undefined method `success?&apos; for {:success?=&gt;true, :payload=&gt;#&lt;ActiveRecord::Relation []&gt;, :status=&gt;:ok}:Hash

      if @data.success?
              ^^^^^^^^^
./app/controllers/articles_controller.rb:36:in `render_json&apos;
./app/controllers/articles_controller.rb:23:in `categories&apos;
/usr/share/rvm/gems/ruby-3.1.1/gems/warden-1.2.9/lib/warden/manager.rb:36:in `block in call&apos;
/usr/share/rvm/gems/ruby-3.1.1/gems/warden-1.2.9/lib/warden/manager.rb:34:in `catch&apos;
/usr/share/rvm/gems/ruby-3.1.1/gems/warden-1.2.9/lib/warden/manager.rb:34:in `call&apos;
/usr/share/rvm/gems/ruby-3.1.1/gems/rack-2.2.3/lib/rack/etag.rb:27:in `call&apos;
/usr/share/rvm/gems/ruby-3.1.1/gems/rack-2.2.3/lib/rack/conditional_get.rb:27:in `call&apos;
/usr/share/rvm/gems/ruby-3.1.1/gems/rack-2.2.3/lib/rack/head.rb:12:in `call&apos;
/usr/share/rvm/gems/ruby-3.1.1/gems/railties-7.0.2.3/lib/rails/rack/logger.rb:36:in `call_app&apos;
/usr/share/rvm/gems/ruby-3.1.1/gems/railties-7.0.2.3/lib/rails/rack/logger.rb:25:in `block in call&apos;
/usr/share/rvm/gems/ruby-3.1.1/gems/railties-7.0.2.3/lib/rails/rack/logger.rb:25:in `call&apos;
/usr/share/rvm/gems/ruby-3.1.1/gems/rack-2.2.3/lib/rack/runtime.rb:22:in `call&apos;
/usr/share/rvm/gems/ruby-3.1.1/gems/rack-2.2.3/lib/rack/sendfile.rb:110:in `call&apos;
/usr/share/rvm/gems/ruby-3.1.1/gems/rack-cors-1.1.1/lib/rack/cors.rb:100:in `call&apos;
/usr/share/rvm/gems/ruby-3.1.1/gems/railties-7.0.2.3/lib/rails/engine.rb:530:in `call&apos;
/usr/share/rvm/gems/ruby-3.1.1/gems/rack-test-1.1.0/lib/rack/mock_session.rb:29:in `request&apos;
/usr/share/rvm/gems/ruby-3.1.1/gems/rack-test-1.1.0/lib/rack/test.rb:266:in `process_request&apos;
/usr/share/rvm/gems/ruby-3.1.1/gems/rack-test-1.1.0/lib/rack/test.rb:119:in `request&apos;
./spec/requests/articles_request_spec.rb:41:in `block (2 levels) in &lt;main&gt;&apos;</failure></testcase>
<testcase classname="spec.requests.authorization_request_spec" name="Authorization gives you an authentication code if you are an existing user and you satisfy the password" file="./spec/requests/authorization_request_spec.rb" time="0.494931"></testcase>
<testcase classname="spec.requests.categories_request_spec" name="CategoriesController get all categories" file="./spec/requests/categories_request_spec.rb" time="0.532534"><failure message="undefined method `success?&apos; for {:success?=&gt;true, :payload=&gt;#&lt;ActiveRecord::Relation []&gt;, :status=&gt;:ok}:Hash

    if @category.success?
                ^^^^^^^^^" type="NoMethodError">Failure/Error: if @category.success?

NoMethodError:
  undefined method `success?&apos; for {:success?=&gt;true, :payload=&gt;#&lt;ActiveRecord::Relation []&gt;, :status=&gt;:ok}:Hash

      if @category.success?
                  ^^^^^^^^^
./app/controllers/categories_controller.rb:46:in `render_json&apos;
./app/controllers/categories_controller.rb:11:in `index&apos;
/usr/share/rvm/gems/ruby-3.1.1/gems/warden-1.2.9/lib/warden/manager.rb:36:in `block in call&apos;
/usr/share/rvm/gems/ruby-3.1.1/gems/warden-1.2.9/lib/warden/manager.rb:34:in `catch&apos;
/usr/share/rvm/gems/ruby-3.1.1/gems/warden-1.2.9/lib/warden/manager.rb:34:in `call&apos;
/usr/share/rvm/gems/ruby-3.1.1/gems/rack-2.2.3/lib/rack/etag.rb:27:in `call&apos;
/usr/share/rvm/gems/ruby-3.1.1/gems/rack-2.2.3/lib/rack/conditional_get.rb:27:in `call&apos;
/usr/share/rvm/gems/ruby-3.1.1/gems/rack-2.2.3/lib/rack/head.rb:12:in `call&apos;
/usr/share/rvm/gems/ruby-3.1.1/gems/railties-7.0.2.3/lib/rails/rack/logger.rb:36:in `call_app&apos;
/usr/share/rvm/gems/ruby-3.1.1/gems/railties-7.0.2.3/lib/rails/rack/logger.rb:25:in `block in call&apos;
/usr/share/rvm/gems/ruby-3.1.1/gems/railties-7.0.2.3/lib/rails/rack/logger.rb:25:in `call&apos;
/usr/share/rvm/gems/ruby-3.1.1/gems/rack-2.2.3/lib/rack/runtime.rb:22:in `call&apos;
/usr/share/rvm/gems/ruby-3.1.1/gems/rack-2.2.3/lib/rack/sendfile.rb:110:in `call&apos;
/usr/share/rvm/gems/ruby-3.1.1/gems/rack-cors-1.1.1/lib/rack/cors.rb:100:in `call&apos;
/usr/share/rvm/gems/ruby-3.1.1/gems/railties-7.0.2.3/lib/rails/engine.rb:530:in `call&apos;
/usr/share/rvm/gems/ruby-3.1.1/gems/rack-test-1.1.0/lib/rack/mock_session.rb:29:in `request&apos;
/usr/share/rvm/gems/ruby-3.1.1/gems/rack-test-1.1.0/lib/rack/test.rb:266:in `process_request&apos;
/usr/share/rvm/gems/ruby-3.1.1/gems/rack-test-1.1.0/lib/rack/test.rb:119:in `request&apos;
./spec/requests/categories_request_spec.rb:19:in `block (2 levels) in &lt;main&gt;&apos;</failure></testcase>
<testcase classname="spec.requests.categories_request_spec" name="CategoriesController create a category" file="./spec/requests/categories_request_spec.rb" time="0.524956"><failure message="undefined method `success?&apos; for {:success?=&gt;true, :payload=&gt;#&lt;Category id: &quot;fa051a46-851e-4db4-beda-30c216aa88f9&quot;, name: &quot;test&quot;, created_at: &quot;2022-03-23 10:10:26.163868000 +0000&quot;, updated_at: &quot;2022-03-23 10:10:26.163868000 +0000&quot;&gt;, :status=&gt;:ok}:Hash

    if @category.success?
                ^^^^^^^^^" type="NoMethodError">Failure/Error: if @category.success?

NoMethodError:
  undefined method `success?&apos; for {:success?=&gt;true, :payload=&gt;#&lt;Category id: &quot;fa051a46-851e-4db4-beda-30c216aa88f9&quot;, name: &quot;test&quot;, created_at: &quot;2022-03-23 10:10:26.163868000 +0000&quot;, updated_at: &quot;2022-03-23 10:10:26.163868000 +0000&quot;&gt;, :status=&gt;:ok}:Hash

      if @category.success?
                  ^^^^^^^^^
./app/controllers/categories_controller.rb:46:in `render_json&apos;
./app/controllers/categories_controller.rb:18:in `create&apos;
/usr/share/rvm/gems/ruby-3.1.1/gems/warden-1.2.9/lib/warden/manager.rb:36:in `block in call&apos;
/usr/share/rvm/gems/ruby-3.1.1/gems/warden-1.2.9/lib/warden/manager.rb:34:in `catch&apos;
/usr/share/rvm/gems/ruby-3.1.1/gems/warden-1.2.9/lib/warden/manager.rb:34:in `call&apos;
/usr/share/rvm/gems/ruby-3.1.1/gems/rack-2.2.3/lib/rack/etag.rb:27:in `call&apos;
/usr/share/rvm/gems/ruby-3.1.1/gems/rack-2.2.3/lib/rack/conditional_get.rb:40:in `call&apos;
/usr/share/rvm/gems/ruby-3.1.1/gems/rack-2.2.3/lib/rack/head.rb:12:in `call&apos;
/usr/share/rvm/gems/ruby-3.1.1/gems/railties-7.0.2.3/lib/rails/rack/logger.rb:36:in `call_app&apos;
/usr/share/rvm/gems/ruby-3.1.1/gems/railties-7.0.2.3/lib/rails/rack/logger.rb:25:in `block in call&apos;
/usr/share/rvm/gems/ruby-3.1.1/gems/railties-7.0.2.3/lib/rails/rack/logger.rb:25:in `call&apos;
/usr/share/rvm/gems/ruby-3.1.1/gems/rack-2.2.3/lib/rack/runtime.rb:22:in `call&apos;
/usr/share/rvm/gems/ruby-3.1.1/gems/rack-2.2.3/lib/rack/sendfile.rb:110:in `call&apos;
/usr/share/rvm/gems/ruby-3.1.1/gems/rack-cors-1.1.1/lib/rack/cors.rb:100:in `call&apos;
/usr/share/rvm/gems/ruby-3.1.1/gems/railties-7.0.2.3/lib/rails/engine.rb:530:in `call&apos;
/usr/share/rvm/gems/ruby-3.1.1/gems/rack-test-1.1.0/lib/rack/mock_session.rb:29:in `request&apos;
/usr/share/rvm/gems/ruby-3.1.1/gems/rack-test-1.1.0/lib/rack/test.rb:266:in `process_request&apos;
/usr/share/rvm/gems/ruby-3.1.1/gems/rack-test-1.1.0/lib/rack/test.rb:119:in `request&apos;
./spec/requests/categories_request_spec.rb:27:in `block (2 levels) in &lt;main&gt;&apos;</failure></testcase>
<testcase classname="spec.requests.categories_request_spec" name="CategoriesController cannot create a category with wrong parameter" file="./spec/requests/categories_request_spec.rb" time="0.495823"><failure message="undefined method `success?&apos; for {:success?=&gt;false, :errors=&gt;#&lt;ActiveModel::Errors [#&lt;ActiveModel::Error attribute=name, type=blank, options={}&gt;]&gt;, :status=&gt;ActiveRecord::RecordInvalid}:Hash

    if @category.success?
                ^^^^^^^^^" type="NoMethodError">Failure/Error: if @category.success?

NoMethodError:
  undefined method `success?&apos; for {:success?=&gt;false, :errors=&gt;#&lt;ActiveModel::Errors [#&lt;ActiveModel::Error attribute=name, type=blank, options={}&gt;]&gt;, :status=&gt;ActiveRecord::RecordInvalid}:Hash

      if @category.success?
                  ^^^^^^^^^
./app/controllers/categories_controller.rb:46:in `render_json&apos;
./app/controllers/categories_controller.rb:18:in `create&apos;
/usr/share/rvm/gems/ruby-3.1.1/gems/warden-1.2.9/lib/warden/manager.rb:36:in `block in call&apos;
/usr/share/rvm/gems/ruby-3.1.1/gems/warden-1.2.9/lib/warden/manager.rb:34:in `catch&apos;
/usr/share/rvm/gems/ruby-3.1.1/gems/warden-1.2.9/lib/warden/manager.rb:34:in `call&apos;
/usr/share/rvm/gems/ruby-3.1.1/gems/rack-2.2.3/lib/rack/etag.rb:27:in `call&apos;
/usr/share/rvm/gems/ruby-3.1.1/gems/rack-2.2.3/lib/rack/conditional_get.rb:40:in `call&apos;
/usr/share/rvm/gems/ruby-3.1.1/gems/rack-2.2.3/lib/rack/head.rb:12:in `call&apos;
/usr/share/rvm/gems/ruby-3.1.1/gems/railties-7.0.2.3/lib/rails/rack/logger.rb:36:in `call_app&apos;
/usr/share/rvm/gems/ruby-3.1.1/gems/railties-7.0.2.3/lib/rails/rack/logger.rb:25:in `block in call&apos;
/usr/share/rvm/gems/ruby-3.1.1/gems/railties-7.0.2.3/lib/rails/rack/logger.rb:25:in `call&apos;
/usr/share/rvm/gems/ruby-3.1.1/gems/rack-2.2.3/lib/rack/runtime.rb:22:in `call&apos;
/usr/share/rvm/gems/ruby-3.1.1/gems/rack-2.2.3/lib/rack/sendfile.rb:110:in `call&apos;
/usr/share/rvm/gems/ruby-3.1.1/gems/rack-cors-1.1.1/lib/rack/cors.rb:100:in `call&apos;
/usr/share/rvm/gems/ruby-3.1.1/gems/railties-7.0.2.3/lib/rails/engine.rb:530:in `call&apos;
/usr/share/rvm/gems/ruby-3.1.1/gems/rack-test-1.1.0/lib/rack/mock_session.rb:29:in `request&apos;
/usr/share/rvm/gems/ruby-3.1.1/gems/rack-test-1.1.0/lib/rack/test.rb:266:in `process_request&apos;
/usr/share/rvm/gems/ruby-3.1.1/gems/rack-test-1.1.0/lib/rack/test.rb:119:in `request&apos;
./spec/requests/categories_request_spec.rb:36:in `block (2 levels) in &lt;main&gt;&apos;</failure></testcase>
<testcase classname="spec.requests.categories_request_spec" name="CategoriesController show a category" file="./spec/requests/categories_request_spec.rb" time="0.523087"><failure message="undefined method `success?&apos; for {:success?=&gt;true, :payload=&gt;#&lt;Category id: &quot;891259f9-c6aa-493d-88cd-27b3b24f904d&quot;, name: &quot;Surface Detail&quot;, created_at: &quot;2022-03-23 10:10:27.173357000 +0000&quot;, updated_at: &quot;2022-03-23 10:10:27.173357000 +0000&quot;&gt;, :status=&gt;:ok}:Hash

    if @category.success?
                ^^^^^^^^^" type="NoMethodError">Failure/Error: if @category.success?

NoMethodError:
  undefined method `success?&apos; for {:success?=&gt;true, :payload=&gt;#&lt;Category id: &quot;891259f9-c6aa-493d-88cd-27b3b24f904d&quot;, name: &quot;Surface Detail&quot;, created_at: &quot;2022-03-23 10:10:27.173357000 +0000&quot;, updated_at: &quot;2022-03-23 10:10:27.173357000 +0000&quot;&gt;, :status=&gt;:ok}:Hash

      if @category.success?
                  ^^^^^^^^^
./app/controllers/categories_controller.rb:46:in `render_json&apos;
./app/controllers/categories_controller.rb:25:in `show&apos;
/usr/share/rvm/gems/ruby-3.1.1/gems/warden-1.2.9/lib/warden/manager.rb:36:in `block in call&apos;
/usr/share/rvm/gems/ruby-3.1.1/gems/warden-1.2.9/lib/warden/manager.rb:34:in `catch&apos;
/usr/share/rvm/gems/ruby-3.1.1/gems/warden-1.2.9/lib/warden/manager.rb:34:in `call&apos;
/usr/share/rvm/gems/ruby-3.1.1/gems/rack-2.2.3/lib/rack/etag.rb:27:in `call&apos;
/usr/share/rvm/gems/ruby-3.1.1/gems/rack-2.2.3/lib/rack/conditional_get.rb:27:in `call&apos;
/usr/share/rvm/gems/ruby-3.1.1/gems/rack-2.2.3/lib/rack/head.rb:12:in `call&apos;
/usr/share/rvm/gems/ruby-3.1.1/gems/railties-7.0.2.3/lib/rails/rack/logger.rb:36:in `call_app&apos;
/usr/share/rvm/gems/ruby-3.1.1/gems/railties-7.0.2.3/lib/rails/rack/logger.rb:25:in `block in call&apos;
/usr/share/rvm/gems/ruby-3.1.1/gems/railties-7.0.2.3/lib/rails/rack/logger.rb:25:in `call&apos;
/usr/share/rvm/gems/ruby-3.1.1/gems/rack-2.2.3/lib/rack/runtime.rb:22:in `call&apos;
/usr/share/rvm/gems/ruby-3.1.1/gems/rack-2.2.3/lib/rack/sendfile.rb:110:in `call&apos;
/usr/share/rvm/gems/ruby-3.1.1/gems/rack-cors-1.1.1/lib/rack/cors.rb:100:in `call&apos;
/usr/share/rvm/gems/ruby-3.1.1/gems/railties-7.0.2.3/lib/rails/engine.rb:530:in `call&apos;
/usr/share/rvm/gems/ruby-3.1.1/gems/rack-test-1.1.0/lib/rack/mock_session.rb:29:in `request&apos;
/usr/share/rvm/gems/ruby-3.1.1/gems/rack-test-1.1.0/lib/rack/test.rb:266:in `process_request&apos;
/usr/share/rvm/gems/ruby-3.1.1/gems/rack-test-1.1.0/lib/rack/test.rb:119:in `request&apos;
./spec/requests/categories_request_spec.rb:44:in `block (2 levels) in &lt;main&gt;&apos;</failure></testcase>
<testcase classname="spec.requests.categories_request_spec" name="CategoriesController update a category name" file="./spec/requests/categories_request_spec.rb" time="0.531712"><failure message="undefined method `success?&apos; for {:success?=&gt;true, :payload=&gt;#&lt;Category id: &quot;9697fb38-c763-4973-b89d-f68a447b345e&quot;, name: &quot;Look to Windward changed&quot;, created_at: &quot;2022-03-23 10:10:27.694070000 +0000&quot;, updated_at: &quot;2022-03-23 10:10:27.725485000 +0000&quot;&gt;, :status=&gt;:ok}:Hash

    if @category.success?
                ^^^^^^^^^" type="NoMethodError">Failure/Error: if @category.success?

NoMethodError:
  undefined method `success?&apos; for {:success?=&gt;true, :payload=&gt;#&lt;Category id: &quot;9697fb38-c763-4973-b89d-f68a447b345e&quot;, name: &quot;Look to Windward changed&quot;, created_at: &quot;2022-03-23 10:10:27.694070000 +0000&quot;, updated_at: &quot;2022-03-23 10:10:27.725485000 +0000&quot;&gt;, :status=&gt;:ok}:Hash

      if @category.success?
                  ^^^^^^^^^
./app/controllers/categories_controller.rb:46:in `render_json&apos;
./app/controllers/categories_controller.rb:32:in `update&apos;
/usr/share/rvm/gems/ruby-3.1.1/gems/warden-1.2.9/lib/warden/manager.rb:36:in `block in call&apos;
/usr/share/rvm/gems/ruby-3.1.1/gems/warden-1.2.9/lib/warden/manager.rb:34:in `catch&apos;
/usr/share/rvm/gems/ruby-3.1.1/gems/warden-1.2.9/lib/warden/manager.rb:34:in `call&apos;
/usr/share/rvm/gems/ruby-3.1.1/gems/rack-2.2.3/lib/rack/etag.rb:27:in `call&apos;
/usr/share/rvm/gems/ruby-3.1.1/gems/rack-2.2.3/lib/rack/conditional_get.rb:40:in `call&apos;
/usr/share/rvm/gems/ruby-3.1.1/gems/rack-2.2.3/lib/rack/head.rb:12:in `call&apos;
/usr/share/rvm/gems/ruby-3.1.1/gems/railties-7.0.2.3/lib/rails/rack/logger.rb:36:in `call_app&apos;
/usr/share/rvm/gems/ruby-3.1.1/gems/railties-7.0.2.3/lib/rails/rack/logger.rb:25:in `block in call&apos;
/usr/share/rvm/gems/ruby-3.1.1/gems/railties-7.0.2.3/lib/rails/rack/logger.rb:25:in `call&apos;
/usr/share/rvm/gems/ruby-3.1.1/gems/rack-2.2.3/lib/rack/runtime.rb:22:in `call&apos;
/usr/share/rvm/gems/ruby-3.1.1/gems/rack-2.2.3/lib/rack/sendfile.rb:110:in `call&apos;
/usr/share/rvm/gems/ruby-3.1.1/gems/rack-cors-1.1.1/lib/rack/cors.rb:100:in `call&apos;
/usr/share/rvm/gems/ruby-3.1.1/gems/railties-7.0.2.3/lib/rails/engine.rb:530:in `call&apos;
/usr/share/rvm/gems/ruby-3.1.1/gems/rack-test-1.1.0/lib/rack/mock_session.rb:29:in `request&apos;
/usr/share/rvm/gems/ruby-3.1.1/gems/rack-test-1.1.0/lib/rack/test.rb:266:in `process_request&apos;
/usr/share/rvm/gems/ruby-3.1.1/gems/rack-test-1.1.0/lib/rack/test.rb:119:in `request&apos;
./spec/requests/categories_request_spec.rb:54:in `block (2 levels) in &lt;main&gt;&apos;</failure></testcase>
<testcase classname="spec.requests.categories_request_spec" name="CategoriesController destroy a category" file="./spec/requests/categories_request_spec.rb" time="0.517130"><failure message="undefined method `success?&apos; for {:success?=&gt;true, :payload=&gt;#&lt;Category id: &quot;aa8f87c5-3953-4252-96ea-d063f77d6501&quot;, name: &quot;Use of Weapons&quot;, created_at: &quot;2022-03-23 10:10:28.212731000 +0000&quot;, updated_at: &quot;2022-03-23 10:10:28.212731000 +0000&quot;&gt;, :status=&gt;:ok}:Hash

    if @category.success?
                ^^^^^^^^^" type="NoMethodError">Failure/Error: if @category.success?

NoMethodError:
  undefined method `success?&apos; for {:success?=&gt;true, :payload=&gt;#&lt;Category id: &quot;aa8f87c5-3953-4252-96ea-d063f77d6501&quot;, name: &quot;Use of Weapons&quot;, created_at: &quot;2022-03-23 10:10:28.212731000 +0000&quot;, updated_at: &quot;2022-03-23 10:10:28.212731000 +0000&quot;&gt;, :status=&gt;:ok}:Hash

      if @category.success?
                  ^^^^^^^^^
./app/controllers/categories_controller.rb:46:in `render_json&apos;
./app/controllers/categories_controller.rb:39:in `destroy&apos;
/usr/share/rvm/gems/ruby-3.1.1/gems/warden-1.2.9/lib/warden/manager.rb:36:in `block in call&apos;
/usr/share/rvm/gems/ruby-3.1.1/gems/warden-1.2.9/lib/warden/manager.rb:34:in `catch&apos;
/usr/share/rvm/gems/ruby-3.1.1/gems/warden-1.2.9/lib/warden/manager.rb:34:in `call&apos;
/usr/share/rvm/gems/ruby-3.1.1/gems/rack-2.2.3/lib/rack/etag.rb:27:in `call&apos;
/usr/share/rvm/gems/ruby-3.1.1/gems/rack-2.2.3/lib/rack/conditional_get.rb:40:in `call&apos;
/usr/share/rvm/gems/ruby-3.1.1/gems/rack-2.2.3/lib/rack/head.rb:12:in `call&apos;
/usr/share/rvm/gems/ruby-3.1.1/gems/railties-7.0.2.3/lib/rails/rack/logger.rb:36:in `call_app&apos;
/usr/share/rvm/gems/ruby-3.1.1/gems/railties-7.0.2.3/lib/rails/rack/logger.rb:25:in `block in call&apos;
/usr/share/rvm/gems/ruby-3.1.1/gems/railties-7.0.2.3/lib/rails/rack/logger.rb:25:in `call&apos;
/usr/share/rvm/gems/ruby-3.1.1/gems/rack-2.2.3/lib/rack/runtime.rb:22:in `call&apos;
/usr/share/rvm/gems/ruby-3.1.1/gems/rack-2.2.3/lib/rack/sendfile.rb:110:in `call&apos;
/usr/share/rvm/gems/ruby-3.1.1/gems/rack-cors-1.1.1/lib/rack/cors.rb:100:in `call&apos;
/usr/share/rvm/gems/ruby-3.1.1/gems/railties-7.0.2.3/lib/rails/engine.rb:530:in `call&apos;
/usr/share/rvm/gems/ruby-3.1.1/gems/rack-test-1.1.0/lib/rack/mock_session.rb:29:in `request&apos;
/usr/share/rvm/gems/ruby-3.1.1/gems/rack-test-1.1.0/lib/rack/test.rb:266:in `process_request&apos;
/usr/share/rvm/gems/ruby-3.1.1/gems/rack-test-1.1.0/lib/rack/test.rb:119:in `request&apos;
./spec/requests/categories_request_spec.rb:67:in `block (3 levels) in &lt;main&gt;&apos;
./spec/requests/categories_request_spec.rb:66:in `block (2 levels) in &lt;main&gt;&apos;</failure></testcase>
<testcase classname="spec.requests.posts_request_spec" name="PostsController get all posts from index" file="./spec/requests/posts_request_spec.rb" time="0.508150"><failure message="undefined method `success?&apos; for {:success?=&gt;true, :payload=&gt;#&lt;ActiveRecord::Relation []&gt;, :status=&gt;:ok}:Hash

    if @post.success?
            ^^^^^^^^^" type="NoMethodError">Failure/Error: if @post.success?

NoMethodError:
  undefined method `success?&apos; for {:success?=&gt;true, :payload=&gt;#&lt;ActiveRecord::Relation []&gt;, :status=&gt;:ok}:Hash

      if @post.success?
              ^^^^^^^^^
./app/controllers/posts_controller.rb:66:in `render_json&apos;
./app/controllers/posts_controller.rb:11:in `index&apos;
/usr/share/rvm/gems/ruby-3.1.1/gems/warden-1.2.9/lib/warden/manager.rb:36:in `block in call&apos;
/usr/share/rvm/gems/ruby-3.1.1/gems/warden-1.2.9/lib/warden/manager.rb:34:in `catch&apos;
/usr/share/rvm/gems/ruby-3.1.1/gems/warden-1.2.9/lib/warden/manager.rb:34:in `call&apos;
/usr/share/rvm/gems/ruby-3.1.1/gems/rack-2.2.3/lib/rack/etag.rb:27:in `call&apos;
/usr/share/rvm/gems/ruby-3.1.1/gems/rack-2.2.3/lib/rack/conditional_get.rb:27:in `call&apos;
/usr/share/rvm/gems/ruby-3.1.1/gems/rack-2.2.3/lib/rack/head.rb:12:in `call&apos;
/usr/share/rvm/gems/ruby-3.1.1/gems/railties-7.0.2.3/lib/rails/rack/logger.rb:36:in `call_app&apos;
/usr/share/rvm/gems/ruby-3.1.1/gems/railties-7.0.2.3/lib/rails/rack/logger.rb:25:in `block in call&apos;
/usr/share/rvm/gems/ruby-3.1.1/gems/railties-7.0.2.3/lib/rails/rack/logger.rb:25:in `call&apos;
/usr/share/rvm/gems/ruby-3.1.1/gems/rack-2.2.3/lib/rack/runtime.rb:22:in `call&apos;
/usr/share/rvm/gems/ruby-3.1.1/gems/rack-2.2.3/lib/rack/sendfile.rb:110:in `call&apos;
/usr/share/rvm/gems/ruby-3.1.1/gems/rack-cors-1.1.1/lib/rack/cors.rb:100:in `call&apos;
/usr/share/rvm/gems/ruby-3.1.1/gems/railties-7.0.2.3/lib/rails/engine.rb:530:in `call&apos;
/usr/share/rvm/gems/ruby-3.1.1/gems/rack-test-1.1.0/lib/rack/mock_session.rb:29:in `request&apos;
/usr/share/rvm/gems/ruby-3.1.1/gems/rack-test-1.1.0/lib/rack/test.rb:266:in `process_request&apos;
/usr/share/rvm/gems/ruby-3.1.1/gems/rack-test-1.1.0/lib/rack/test.rb:119:in `request&apos;
./spec/requests/posts_request_spec.rb:19:in `block (2 levels) in &lt;main&gt;&apos;</failure></testcase>
<testcase classname="spec.requests.posts_request_spec" name="PostsController create a post" file="./spec/requests/posts_request_spec.rb" time="0.562955"><failure message="undefined method `success?&apos; for {:success?=&gt;true, :payload=&gt;#&lt;Post id: &quot;7563ee3b-1ee9-4990-8649-70c2c394fa21&quot;, title: &quot;test&quot;, content: &quot;gnagnagna&quot;, published_at: nil, created_at: &quot;2022-03-23 10:10:29.293868000 +0000&quot;, updated_at: &quot;2022-03-23 10:10:29.293868000 +0000&quot;, description: &quot;petite description&quot;, user_id: &quot;279fc46a-649f-4db7-bc47-e076c3dc7c3b&quot;, published: nil&gt;, :status=&gt;:ok}:Hash

    if @post.success?
            ^^^^^^^^^" type="NoMethodError">Failure/Error: if @post.success?

NoMethodError:
  undefined method `success?&apos; for {:success?=&gt;true, :payload=&gt;#&lt;Post id: &quot;7563ee3b-1ee9-4990-8649-70c2c394fa21&quot;, title: &quot;test&quot;, content: &quot;gnagnagna&quot;, published_at: nil, created_at: &quot;2022-03-23 10:10:29.293868000 +0000&quot;, updated_at: &quot;2022-03-23 10:10:29.293868000 +0000&quot;, description: &quot;petite description&quot;, user_id: &quot;279fc46a-649f-4db7-bc47-e076c3dc7c3b&quot;, published: nil&gt;, :status=&gt;:ok}:Hash

      if @post.success?
              ^^^^^^^^^
./app/controllers/posts_controller.rb:66:in `render_json&apos;
./app/controllers/posts_controller.rb:24:in `create&apos;
/usr/share/rvm/gems/ruby-3.1.1/gems/warden-1.2.9/lib/warden/manager.rb:36:in `block in call&apos;
/usr/share/rvm/gems/ruby-3.1.1/gems/warden-1.2.9/lib/warden/manager.rb:34:in `catch&apos;
/usr/share/rvm/gems/ruby-3.1.1/gems/warden-1.2.9/lib/warden/manager.rb:34:in `call&apos;
/usr/share/rvm/gems/ruby-3.1.1/gems/rack-2.2.3/lib/rack/etag.rb:27:in `call&apos;
/usr/share/rvm/gems/ruby-3.1.1/gems/rack-2.2.3/lib/rack/conditional_get.rb:40:in `call&apos;
/usr/share/rvm/gems/ruby-3.1.1/gems/rack-2.2.3/lib/rack/head.rb:12:in `call&apos;
/usr/share/rvm/gems/ruby-3.1.1/gems/railties-7.0.2.3/lib/rails/rack/logger.rb:36:in `call_app&apos;
/usr/share/rvm/gems/ruby-3.1.1/gems/railties-7.0.2.3/lib/rails/rack/logger.rb:25:in `block in call&apos;
/usr/share/rvm/gems/ruby-3.1.1/gems/railties-7.0.2.3/lib/rails/rack/logger.rb:25:in `call&apos;
/usr/share/rvm/gems/ruby-3.1.1/gems/rack-2.2.3/lib/rack/runtime.rb:22:in `call&apos;
/usr/share/rvm/gems/ruby-3.1.1/gems/rack-2.2.3/lib/rack/sendfile.rb:110:in `call&apos;
/usr/share/rvm/gems/ruby-3.1.1/gems/rack-cors-1.1.1/lib/rack/cors.rb:100:in `call&apos;
/usr/share/rvm/gems/ruby-3.1.1/gems/railties-7.0.2.3/lib/rails/engine.rb:530:in `call&apos;
/usr/share/rvm/gems/ruby-3.1.1/gems/rack-test-1.1.0/lib/rack/mock_session.rb:29:in `request&apos;
/usr/share/rvm/gems/ruby-3.1.1/gems/rack-test-1.1.0/lib/rack/test.rb:266:in `process_request&apos;
/usr/share/rvm/gems/ruby-3.1.1/gems/rack-test-1.1.0/lib/rack/test.rb:119:in `request&apos;
./spec/requests/posts_request_spec.rb:28:in `block (2 levels) in &lt;main&gt;&apos;</failure></testcase>
<testcase classname="spec.requests.posts_request_spec" name="PostsController not create with wrong parameter" file="./spec/requests/posts_request_spec.rb" time="0.535095"><failure message="undefined method `success?&apos; for {:success?=&gt;false, :errors=&gt;#&lt;ActiveModel::Errors [#&lt;ActiveModel::Error attribute=description, type=blank, options={}&gt;]&gt;, :status=&gt;ActiveRecord::RecordInvalid}:Hash

    if @post.success?
            ^^^^^^^^^" type="NoMethodError">Failure/Error: if @post.success?

NoMethodError:
  undefined method `success?&apos; for {:success?=&gt;false, :errors=&gt;#&lt;ActiveModel::Errors [#&lt;ActiveModel::Error attribute=description, type=blank, options={}&gt;]&gt;, :status=&gt;ActiveRecord::RecordInvalid}:Hash

      if @post.success?
              ^^^^^^^^^
./app/controllers/posts_controller.rb:66:in `render_json&apos;
./app/controllers/posts_controller.rb:24:in `create&apos;
/usr/share/rvm/gems/ruby-3.1.1/gems/warden-1.2.9/lib/warden/manager.rb:36:in `block in call&apos;
/usr/share/rvm/gems/ruby-3.1.1/gems/warden-1.2.9/lib/warden/manager.rb:34:in `catch&apos;
/usr/share/rvm/gems/ruby-3.1.1/gems/warden-1.2.9/lib/warden/manager.rb:34:in `call&apos;
/usr/share/rvm/gems/ruby-3.1.1/gems/rack-2.2.3/lib/rack/etag.rb:27:in `call&apos;
/usr/share/rvm/gems/ruby-3.1.1/gems/rack-2.2.3/lib/rack/conditional_get.rb:40:in `call&apos;
/usr/share/rvm/gems/ruby-3.1.1/gems/rack-2.2.3/lib/rack/head.rb:12:in `call&apos;
/usr/share/rvm/gems/ruby-3.1.1/gems/railties-7.0.2.3/lib/rails/rack/logger.rb:36:in `call_app&apos;
/usr/share/rvm/gems/ruby-3.1.1/gems/railties-7.0.2.3/lib/rails/rack/logger.rb:25:in `block in call&apos;
/usr/share/rvm/gems/ruby-3.1.1/gems/railties-7.0.2.3/lib/rails/rack/logger.rb:25:in `call&apos;
/usr/share/rvm/gems/ruby-3.1.1/gems/rack-2.2.3/lib/rack/runtime.rb:22:in `call&apos;
/usr/share/rvm/gems/ruby-3.1.1/gems/rack-2.2.3/lib/rack/sendfile.rb:110:in `call&apos;
/usr/share/rvm/gems/ruby-3.1.1/gems/rack-cors-1.1.1/lib/rack/cors.rb:100:in `call&apos;
/usr/share/rvm/gems/ruby-3.1.1/gems/railties-7.0.2.3/lib/rails/engine.rb:530:in `call&apos;
/usr/share/rvm/gems/ruby-3.1.1/gems/rack-test-1.1.0/lib/rack/mock_session.rb:29:in `request&apos;
/usr/share/rvm/gems/ruby-3.1.1/gems/rack-test-1.1.0/lib/rack/test.rb:266:in `process_request&apos;
/usr/share/rvm/gems/ruby-3.1.1/gems/rack-test-1.1.0/lib/rack/test.rb:119:in `request&apos;
./spec/requests/posts_request_spec.rb:38:in `block (2 levels) in &lt;main&gt;&apos;</failure></testcase>
<testcase classname="spec.requests.posts_request_spec" name="PostsController show a post" file="./spec/requests/posts_request_spec.rb" time="0.788179"><failure message="undefined method `success?&apos; for {:success?=&gt;true, :payload=&gt;#&lt;Post id: &quot;faa39b36-9f98-4e9f-bcb5-fe34e39cb9d0&quot;, title: &quot;Pnakotic Manuscripts&quot;, content: &quot;Manuscript spectral stench. Tentacles tenebrous de...&quot;, published_at: nil, created_at: &quot;2022-03-23 10:10:30.642810000 +0000&quot;, updated_at: &quot;2022-03-23 10:10:30.642810000 +0000&quot;, description: &quot;[\&quot;Lurk stygian nameless manuscript.\&quot;, \&quot;Non-euclide...&quot;, user_id: &quot;c5c408fb-80cd-4445-86fb-de4db516d025&quot;, published: false&gt;, :status=&gt;:ok}:Hash

    if @post.success?
            ^^^^^^^^^" type="NoMethodError">Failure/Error: if @post.success?

NoMethodError:
  undefined method `success?&apos; for {:success?=&gt;true, :payload=&gt;#&lt;Post id: &quot;faa39b36-9f98-4e9f-bcb5-fe34e39cb9d0&quot;, title: &quot;Pnakotic Manuscripts&quot;, content: &quot;Manuscript spectral stench. Tentacles tenebrous de...&quot;, published_at: nil, created_at: &quot;2022-03-23 10:10:30.642810000 +0000&quot;, updated_at: &quot;2022-03-23 10:10:30.642810000 +0000&quot;, description: &quot;[\&quot;Lurk stygian nameless manuscript.\&quot;, \&quot;Non-euclide...&quot;, user_id: &quot;c5c408fb-80cd-4445-86fb-de4db516d025&quot;, published: false&gt;, :status=&gt;:ok}:Hash

      if @post.success?
              ^^^^^^^^^
./app/controllers/posts_controller.rb:66:in `render_json&apos;
./app/controllers/posts_controller.rb:31:in `show&apos;
/usr/share/rvm/gems/ruby-3.1.1/gems/warden-1.2.9/lib/warden/manager.rb:36:in `block in call&apos;
/usr/share/rvm/gems/ruby-3.1.1/gems/warden-1.2.9/lib/warden/manager.rb:34:in `catch&apos;
/usr/share/rvm/gems/ruby-3.1.1/gems/warden-1.2.9/lib/warden/manager.rb:34:in `call&apos;
/usr/share/rvm/gems/ruby-3.1.1/gems/rack-2.2.3/lib/rack/etag.rb:27:in `call&apos;
/usr/share/rvm/gems/ruby-3.1.1/gems/rack-2.2.3/lib/rack/conditional_get.rb:27:in `call&apos;
/usr/share/rvm/gems/ruby-3.1.1/gems/rack-2.2.3/lib/rack/head.rb:12:in `call&apos;
/usr/share/rvm/gems/ruby-3.1.1/gems/railties-7.0.2.3/lib/rails/rack/logger.rb:36:in `call_app&apos;
/usr/share/rvm/gems/ruby-3.1.1/gems/railties-7.0.2.3/lib/rails/rack/logger.rb:25:in `block in call&apos;
/usr/share/rvm/gems/ruby-3.1.1/gems/railties-7.0.2.3/lib/rails/rack/logger.rb:25:in `call&apos;
/usr/share/rvm/gems/ruby-3.1.1/gems/rack-2.2.3/lib/rack/runtime.rb:22:in `call&apos;
/usr/share/rvm/gems/ruby-3.1.1/gems/rack-2.2.3/lib/rack/sendfile.rb:110:in `call&apos;
/usr/share/rvm/gems/ruby-3.1.1/gems/rack-cors-1.1.1/lib/rack/cors.rb:100:in `call&apos;
/usr/share/rvm/gems/ruby-3.1.1/gems/railties-7.0.2.3/lib/rails/engine.rb:530:in `call&apos;
/usr/share/rvm/gems/ruby-3.1.1/gems/rack-test-1.1.0/lib/rack/mock_session.rb:29:in `request&apos;
/usr/share/rvm/gems/ruby-3.1.1/gems/rack-test-1.1.0/lib/rack/test.rb:266:in `process_request&apos;
/usr/share/rvm/gems/ruby-3.1.1/gems/rack-test-1.1.0/lib/rack/test.rb:119:in `request&apos;
./spec/requests/posts_request_spec.rb:46:in `block (2 levels) in &lt;main&gt;&apos;</failure></testcase>
<testcase classname="spec.requests.posts_request_spec" name="PostsController update a post" file="./spec/requests/posts_request_spec.rb" time="0.829673"><failure message="undefined method `success?&apos; for {:success?=&gt;true, :payload=&gt;#&lt;Post id: &quot;d94e504e-7f52-4d23-a69e-2945cdf20952&quot;, title: &quot;Pnakotic Manuscripts changed&quot;, content: &quot;Squamous ululate stygian. Stygian noisome foetid u...&quot;, published_at: nil, created_at: &quot;2022-03-23 10:10:31.421526000 +0000&quot;, updated_at: &quot;2022-03-23 10:10:31.480561000 +0000&quot;, description: &quot;[\&quot;Unutterable accursed noisome tentacles cat gibbe...&quot;, user_id: &quot;ee891027-f76d-4365-b9f9-0827eeb7ac01&quot;, published: false&gt;, :status=&gt;:ok}:Hash

    if @post.success?
            ^^^^^^^^^" type="NoMethodError">Failure/Error: if @post.success?

NoMethodError:
  undefined method `success?&apos; for {:success?=&gt;true, :payload=&gt;#&lt;Post id: &quot;d94e504e-7f52-4d23-a69e-2945cdf20952&quot;, title: &quot;Pnakotic Manuscripts changed&quot;, content: &quot;Squamous ululate stygian. Stygian noisome foetid u...&quot;, published_at: nil, created_at: &quot;2022-03-23 10:10:31.421526000 +0000&quot;, updated_at: &quot;2022-03-23 10:10:31.480561000 +0000&quot;, description: &quot;[\&quot;Unutterable accursed noisome tentacles cat gibbe...&quot;, user_id: &quot;ee891027-f76d-4365-b9f9-0827eeb7ac01&quot;, published: false&gt;, :status=&gt;:ok}:Hash

      if @post.success?
              ^^^^^^^^^
./app/controllers/posts_controller.rb:66:in `render_json&apos;
./app/controllers/posts_controller.rb:46:in `update&apos;
/usr/share/rvm/gems/ruby-3.1.1/gems/warden-1.2.9/lib/warden/manager.rb:36:in `block in call&apos;
/usr/share/rvm/gems/ruby-3.1.1/gems/warden-1.2.9/lib/warden/manager.rb:34:in `catch&apos;
/usr/share/rvm/gems/ruby-3.1.1/gems/warden-1.2.9/lib/warden/manager.rb:34:in `call&apos;
/usr/share/rvm/gems/ruby-3.1.1/gems/rack-2.2.3/lib/rack/etag.rb:27:in `call&apos;
/usr/share/rvm/gems/ruby-3.1.1/gems/rack-2.2.3/lib/rack/conditional_get.rb:40:in `call&apos;
/usr/share/rvm/gems/ruby-3.1.1/gems/rack-2.2.3/lib/rack/head.rb:12:in `call&apos;
/usr/share/rvm/gems/ruby-3.1.1/gems/railties-7.0.2.3/lib/rails/rack/logger.rb:36:in `call_app&apos;
/usr/share/rvm/gems/ruby-3.1.1/gems/railties-7.0.2.3/lib/rails/rack/logger.rb:25:in `block in call&apos;
/usr/share/rvm/gems/ruby-3.1.1/gems/railties-7.0.2.3/lib/rails/rack/logger.rb:25:in `call&apos;
/usr/share/rvm/gems/ruby-3.1.1/gems/rack-2.2.3/lib/rack/runtime.rb:22:in `call&apos;
/usr/share/rvm/gems/ruby-3.1.1/gems/rack-2.2.3/lib/rack/sendfile.rb:110:in `call&apos;
/usr/share/rvm/gems/ruby-3.1.1/gems/rack-cors-1.1.1/lib/rack/cors.rb:100:in `call&apos;
/usr/share/rvm/gems/ruby-3.1.1/gems/railties-7.0.2.3/lib/rails/engine.rb:530:in `call&apos;
/usr/share/rvm/gems/ruby-3.1.1/gems/rack-test-1.1.0/lib/rack/mock_session.rb:29:in `request&apos;
/usr/share/rvm/gems/ruby-3.1.1/gems/rack-test-1.1.0/lib/rack/test.rb:266:in `process_request&apos;
/usr/share/rvm/gems/ruby-3.1.1/gems/rack-test-1.1.0/lib/rack/test.rb:119:in `request&apos;
./spec/requests/posts_request_spec.rb:56:in `block (2 levels) in &lt;main&gt;&apos;</failure></testcase>
<testcase classname="spec.requests.posts_request_spec" name="PostsController publish a post" file="./spec/requests/posts_request_spec.rb" time="0.783485"><failure message="undefined method `success?&apos; for {:success?=&gt;true, :payload=&gt;#&lt;Post id: &quot;c4508e56-b4ce-44ed-a141-ff8851f2978c&quot;, title: &quot;Necronomicon&quot;, content: &quot;Eldritch gambrel unmentionable unnamable singular ...&quot;, published_at: &quot;2022-03-23 00:00:00.000000000 +0000&quot;, created_at: &quot;2022-03-23 10:10:32.232338000 +0000&quot;, updated_at: &quot;2022-03-23 10:10:32.284122000 +0000&quot;, description: &quot;[\&quot;Singular swarthy comprehension gibbous accursed....&quot;, user_id: &quot;04e6f2f6-a4e8-4724-aa79-2e3d7344ac60&quot;, published: true&gt;, :status=&gt;:ok}:Hash

    if @post.success?
            ^^^^^^^^^" type="NoMethodError">Failure/Error: if @post.success?

NoMethodError:
  undefined method `success?&apos; for {:success?=&gt;true, :payload=&gt;#&lt;Post id: &quot;c4508e56-b4ce-44ed-a141-ff8851f2978c&quot;, title: &quot;Necronomicon&quot;, content: &quot;Eldritch gambrel unmentionable unnamable singular ...&quot;, published_at: &quot;2022-03-23 00:00:00.000000000 +0000&quot;, created_at: &quot;2022-03-23 10:10:32.232338000 +0000&quot;, updated_at: &quot;2022-03-23 10:10:32.284122000 +0000&quot;, description: &quot;[\&quot;Singular swarthy comprehension gibbous accursed....&quot;, user_id: &quot;04e6f2f6-a4e8-4724-aa79-2e3d7344ac60&quot;, published: true&gt;, :status=&gt;:ok}:Hash

      if @post.success?
              ^^^^^^^^^
./app/controllers/posts_controller.rb:66:in `render_json&apos;
./app/controllers/posts_controller.rb:52:in `publish&apos;
/usr/share/rvm/gems/ruby-3.1.1/gems/warden-1.2.9/lib/warden/manager.rb:36:in `block in call&apos;
/usr/share/rvm/gems/ruby-3.1.1/gems/warden-1.2.9/lib/warden/manager.rb:34:in `catch&apos;
/usr/share/rvm/gems/ruby-3.1.1/gems/warden-1.2.9/lib/warden/manager.rb:34:in `call&apos;
/usr/share/rvm/gems/ruby-3.1.1/gems/rack-2.2.3/lib/rack/etag.rb:27:in `call&apos;
/usr/share/rvm/gems/ruby-3.1.1/gems/rack-2.2.3/lib/rack/conditional_get.rb:40:in `call&apos;
/usr/share/rvm/gems/ruby-3.1.1/gems/rack-2.2.3/lib/rack/head.rb:12:in `call&apos;
/usr/share/rvm/gems/ruby-3.1.1/gems/railties-7.0.2.3/lib/rails/rack/logger.rb:36:in `call_app&apos;
/usr/share/rvm/gems/ruby-3.1.1/gems/railties-7.0.2.3/lib/rails/rack/logger.rb:25:in `block in call&apos;
/usr/share/rvm/gems/ruby-3.1.1/gems/railties-7.0.2.3/lib/rails/rack/logger.rb:25:in `call&apos;
/usr/share/rvm/gems/ruby-3.1.1/gems/rack-2.2.3/lib/rack/runtime.rb:22:in `call&apos;
/usr/share/rvm/gems/ruby-3.1.1/gems/rack-2.2.3/lib/rack/sendfile.rb:110:in `call&apos;
/usr/share/rvm/gems/ruby-3.1.1/gems/rack-cors-1.1.1/lib/rack/cors.rb:100:in `call&apos;
/usr/share/rvm/gems/ruby-3.1.1/gems/railties-7.0.2.3/lib/rails/engine.rb:530:in `call&apos;
/usr/share/rvm/gems/ruby-3.1.1/gems/rack-test-1.1.0/lib/rack/mock_session.rb:29:in `request&apos;
/usr/share/rvm/gems/ruby-3.1.1/gems/rack-test-1.1.0/lib/rack/test.rb:266:in `process_request&apos;
/usr/share/rvm/gems/ruby-3.1.1/gems/rack-test-1.1.0/lib/rack/test.rb:119:in `request&apos;
./spec/requests/posts_request_spec.rb:77:in `block (2 levels) in &lt;main&gt;&apos;</failure></testcase>
<testcase classname="spec.requests.posts_request_spec" name="PostsController destroy a post" file="./spec/requests/posts_request_spec.rb" time="0.803080"><failure message="undefined method `success?&apos; for {:success?=&gt;true, :payload=&gt;#&lt;Post id: &quot;7abb0ecc-dbb3-4c8d-9f4a-09f9a36b5e20&quot;, title: &quot;Book of Eibon&quot;, content: &quot;Non-euclidean loathsome shunned antediluvian. Accu...&quot;, published_at: nil, created_at: &quot;2022-03-23 10:10:33.035532000 +0000&quot;, updated_at: &quot;2022-03-23 10:10:33.035532000 +0000&quot;, description: &quot;[\&quot;Accursed stench squamous gambrel charnel fainted...&quot;, user_id: &quot;6371e06c-ddc0-47b9-8d3f-5592ee007c98&quot;, published: false&gt;, :status=&gt;:ok}:Hash

    if @post.success?
            ^^^^^^^^^" type="NoMethodError">Failure/Error: if @post.success?

NoMethodError:
  undefined method `success?&apos; for {:success?=&gt;true, :payload=&gt;#&lt;Post id: &quot;7abb0ecc-dbb3-4c8d-9f4a-09f9a36b5e20&quot;, title: &quot;Book of Eibon&quot;, content: &quot;Non-euclidean loathsome shunned antediluvian. Accu...&quot;, published_at: nil, created_at: &quot;2022-03-23 10:10:33.035532000 +0000&quot;, updated_at: &quot;2022-03-23 10:10:33.035532000 +0000&quot;, description: &quot;[\&quot;Accursed stench squamous gambrel charnel fainted...&quot;, user_id: &quot;6371e06c-ddc0-47b9-8d3f-5592ee007c98&quot;, published: false&gt;, :status=&gt;:ok}:Hash

      if @post.success?
              ^^^^^^^^^
./app/controllers/posts_controller.rb:66:in `render_json&apos;
./app/controllers/posts_controller.rb:59:in `destroy&apos;
/usr/share/rvm/gems/ruby-3.1.1/gems/warden-1.2.9/lib/warden/manager.rb:36:in `block in call&apos;
/usr/share/rvm/gems/ruby-3.1.1/gems/warden-1.2.9/lib/warden/manager.rb:34:in `catch&apos;
/usr/share/rvm/gems/ruby-3.1.1/gems/warden-1.2.9/lib/warden/manager.rb:34:in `call&apos;
/usr/share/rvm/gems/ruby-3.1.1/gems/rack-2.2.3/lib/rack/etag.rb:27:in `call&apos;
/usr/share/rvm/gems/ruby-3.1.1/gems/rack-2.2.3/lib/rack/conditional_get.rb:40:in `call&apos;
/usr/share/rvm/gems/ruby-3.1.1/gems/rack-2.2.3/lib/rack/head.rb:12:in `call&apos;
/usr/share/rvm/gems/ruby-3.1.1/gems/railties-7.0.2.3/lib/rails/rack/logger.rb:36:in `call_app&apos;
/usr/share/rvm/gems/ruby-3.1.1/gems/railties-7.0.2.3/lib/rails/rack/logger.rb:25:in `block in call&apos;
/usr/share/rvm/gems/ruby-3.1.1/gems/railties-7.0.2.3/lib/rails/rack/logger.rb:25:in `call&apos;
/usr/share/rvm/gems/ruby-3.1.1/gems/rack-2.2.3/lib/rack/runtime.rb:22:in `call&apos;
/usr/share/rvm/gems/ruby-3.1.1/gems/rack-2.2.3/lib/rack/sendfile.rb:110:in `call&apos;
/usr/share/rvm/gems/ruby-3.1.1/gems/rack-cors-1.1.1/lib/rack/cors.rb:100:in `call&apos;
/usr/share/rvm/gems/ruby-3.1.1/gems/railties-7.0.2.3/lib/rails/engine.rb:530:in `call&apos;
/usr/share/rvm/gems/ruby-3.1.1/gems/rack-test-1.1.0/lib/rack/mock_session.rb:29:in `request&apos;
/usr/share/rvm/gems/ruby-3.1.1/gems/rack-test-1.1.0/lib/rack/test.rb:266:in `process_request&apos;
/usr/share/rvm/gems/ruby-3.1.1/gems/rack-test-1.1.0/lib/rack/test.rb:119:in `request&apos;
./spec/requests/posts_request_spec.rb:90:in `block (3 levels) in &lt;main&gt;&apos;
./spec/requests/posts_request_spec.rb:89:in `block (2 levels) in &lt;main&gt;&apos;</failure></testcase>
<testcase classname="spec.requests.users_request_spec" name="UsersController show current user" file="./spec/requests/users_request_spec.rb" time="0.505738"></testcase>
</testsuite>
